<?xml version="1.0" encoding="UTF-8"?>
<coverage generated="1770877128735" clover="3.2.0">
  <project timestamp="1770877128735" name="All files">
    <metrics statements="48" coveredstatements="46" conditionals="32" coveredconditionals="27" methods="4" coveredmethods="4" elements="84" coveredelements="77" complexity="0" loc="48" ncloc="48" packages="1" files="1" classes="1"/>
    <file name="replay.ts" path="C:\Users\aurel\Projects\phileasgo\internal\ui\web\src\utils\replay.ts">
      <metrics statements="48" coveredstatements="46" conditionals="32" coveredconditionals="27" methods="4" coveredmethods="4"/>
      <line num="4" count="1" type="stmt"/>
      <line num="5" count="8" type="stmt"/>
      <line num="6" count="8" type="stmt"/>
      <line num="7" count="8" type="stmt"/>
      <line num="8" count="8" type="stmt"/>
      <line num="9" count="8" type="stmt"/>
      <line num="10" count="8" type="stmt"/>
      <line num="11" count="8" type="stmt"/>
      <line num="22" count="1" type="stmt"/>
      <line num="26" count="4" type="cond" truecount="2" falsecount="0"/>
      <line num="27" count="1" type="cond" truecount="1" falsecount="1"/>
      <line num="31" count="3" type="stmt"/>
      <line num="32" count="3" type="stmt"/>
      <line num="33" count="3" type="stmt"/>
      <line num="34" count="6" type="stmt"/>
      <line num="38" count="6" type="stmt"/>
      <line num="39" count="6" type="stmt"/>
      <line num="42" count="3" type="stmt"/>
      <line num="43" count="3" type="stmt"/>
      <line num="45" count="3" type="stmt"/>
      <line num="46" count="4" type="cond" truecount="2" falsecount="0"/>
      <line num="47" count="3" type="stmt"/>
      <line num="48" count="3" type="stmt"/>
      <line num="49" count="3" type="stmt"/>
      <line num="50" count="3" type="stmt"/>
      <line num="51" count="3" type="stmt"/>
      <line num="52" count="3" type="stmt"/>
      <line num="54" count="1" type="stmt"/>
      <line num="58" count="0" type="stmt"/>
      <line num="59" count="0" type="stmt"/>
      <line num="66" count="4" type="cond" truecount="2" falsecount="0"/>
      <line num="68" count="1" type="stmt"/>
      <line num="70" count="4" type="cond" truecount="1" falsecount="1"/>
      <line num="71" count="4" type="cond" truecount="2" falsecount="0"/>
      <line num="72" count="4" type="cond" truecount="2" falsecount="0"/>
      <line num="73" count="4" type="cond" truecount="2" falsecount="0"/>
      <line num="75" count="3" type="cond" truecount="1" falsecount="1"/>
      <line num="76" count="4" type="cond" truecount="1" falsecount="1"/>
      <line num="77" count="4" type="stmt"/>
      <line num="80" count="4" type="cond" truecount="2" falsecount="0"/>
      <line num="81" count="2" type="stmt"/>
      <line num="82" count="2" type="stmt"/>
      <line num="83" count="2" type="cond" truecount="4" falsecount="0"/>
      <line num="85" count="2" type="cond" truecount="1" falsecount="1"/>
      <line num="86" count="2" type="stmt"/>
      <line num="87" count="2" type="stmt"/>
      <line num="88" count="2" type="cond" truecount="4" falsecount="0"/>
      <line num="90" count="1" type="stmt"/>
    </file>
  </project>
</coverage>
