{"C:\\Users\\aurel\\Projects\\phileasgo\\internal\\ui\\web\\src\\metrics\\PlacementEngine.ts": {"path":"C:\\Users\\aurel\\Projects\\phileasgo\\internal\\ui\\web\\src\\metrics\\PlacementEngine.ts","statementMap":{"0":{"start":{"line":59,"column":38},"end":{"line":59,"column":null}},"1":{"start":{"line":60,"column":55},"end":{"line":60,"column":null}},"2":{"start":{"line":61,"column":37},"end":{"line":61,"column":null}},"3":{"start":{"line":62,"column":50},"end":{"line":62,"column":null}},"4":{"start":{"line":65,"column":8},"end":{"line":65,"column":null}},"5":{"start":{"line":70,"column":28},"end":{"line":70,"column":null}},"6":{"start":{"line":70,"column":54},"end":{"line":70,"column":75}},"7":{"start":{"line":71,"column":8},"end":{"line":79,"column":null}},"8":{"start":{"line":73,"column":29},"end":{"line":73,"column":null}},"9":{"start":{"line":74,"column":12},"end":{"line":77,"column":null}},"10":{"start":{"line":75,"column":16},"end":{"line":75,"column":null}},"11":{"start":{"line":78,"column":12},"end":{"line":78,"column":null}},"12":{"start":{"line":80,"column":8},"end":{"line":80,"column":null}},"13":{"start":{"line":84,"column":8},"end":{"line":84,"column":null}},"14":{"start":{"line":85,"column":8},"end":{"line":85,"column":null}},"15":{"start":{"line":86,"column":8},"end":{"line":86,"column":null}},"16":{"start":{"line":87,"column":8},"end":{"line":87,"column":null}},"17":{"start":{"line":92,"column":8},"end":{"line":92,"column":null}},"18":{"start":{"line":96,"column":8},"end":{"line":96,"column":null}},"19":{"start":{"line":106,"column":8},"end":{"line":114,"column":null}},"20":{"start":{"line":107,"column":23},"end":{"line":107,"column":null}},"21":{"start":{"line":108,"column":23},"end":{"line":108,"column":null}},"22":{"start":{"line":109,"column":12},"end":{"line":109,"column":null}},"23":{"start":{"line":109,"column":27},"end":{"line":109,"column":null}},"24":{"start":{"line":112,"column":12},"end":{"line":112,"column":null}},"25":{"start":{"line":112,"column":37},"end":{"line":112,"column":null}},"26":{"start":{"line":113,"column":12},"end":{"line":113,"column":null}},"27":{"start":{"line":116,"column":41},"end":{"line":116,"column":null}},"28":{"start":{"line":117,"column":29},"end":{"line":117,"column":null}},"29":{"start":{"line":118,"column":28},"end":{"line":118,"column":null}},"30":{"start":{"line":119,"column":30},"end":{"line":119,"column":null}},"31":{"start":{"line":126,"column":86},"end":{"line":135,"column":null}},"32":{"start":{"line":138,"column":51},"end":{"line":138,"column":null}},"33":{"start":{"line":139,"column":48},"end":{"line":139,"column":null}},"34":{"start":{"line":141,"column":8},"end":{"line":149,"column":null}},"35":{"start":{"line":144,"column":12},"end":{"line":148,"column":null}},"36":{"start":{"line":145,"column":16},"end":{"line":145,"column":null}},"37":{"start":{"line":147,"column":16},"end":{"line":147,"column":null}},"38":{"start":{"line":152,"column":8},"end":{"line":259,"column":null}},"39":{"start":{"line":154,"column":36},"end":{"line":154,"column":null}},"40":{"start":{"line":156,"column":24},"end":{"line":156,"column":null}},"41":{"start":{"line":157,"column":26},"end":{"line":157,"column":null}},"42":{"start":{"line":158,"column":12},"end":{"line":158,"column":null}},"43":{"start":{"line":159,"column":12},"end":{"line":159,"column":null}},"44":{"start":{"line":163,"column":30},"end":{"line":163,"column":null}},"45":{"start":{"line":164,"column":23},"end":{"line":164,"column":null}},"46":{"start":{"line":165,"column":28},"end":{"line":165,"column":null}},"47":{"start":{"line":166,"column":28},"end":{"line":166,"column":null}},"48":{"start":{"line":168,"column":21},"end":{"line":168,"column":null}},"49":{"start":{"line":169,"column":21},"end":{"line":169,"column":null}},"50":{"start":{"line":170,"column":61},"end":{"line":170,"column":null}},"51":{"start":{"line":173,"column":12},"end":{"line":186,"column":null}},"52":{"start":{"line":175,"column":12},"end":{"line":186,"column":null}},"53":{"start":{"line":176,"column":16},"end":{"line":176,"column":null}},"54":{"start":{"line":177,"column":16},"end":{"line":177,"column":null}},"55":{"start":{"line":179,"column":32},"end":{"line":179,"column":null}},"56":{"start":{"line":180,"column":37},"end":{"line":180,"column":null}},"57":{"start":{"line":181,"column":34},"end":{"line":181,"column":null}},"58":{"start":{"line":181,"column":52},"end":{"line":181,"column":75}},"59":{"start":{"line":182,"column":16},"end":{"line":185,"column":null}},"60":{"start":{"line":183,"column":20},"end":{"line":183,"column":null}},"61":{"start":{"line":183,"column":44},"end":{"line":183,"column":null}},"62":{"start":{"line":184,"column":20},"end":{"line":184,"column":null}},"63":{"start":{"line":184,"column":44},"end":{"line":184,"column":null}},"64":{"start":{"line":189,"column":12},"end":{"line":189,"column":null}},"65":{"start":{"line":190,"column":12},"end":{"line":190,"column":null}},"66":{"start":{"line":192,"column":12},"end":{"line":202,"column":null}},"67":{"start":{"line":194,"column":28},"end":{"line":198,"column":null}},"68":{"start":{"line":199,"column":16},"end":{"line":199,"column":null}},"69":{"start":{"line":199,"column":35},"end":{"line":199,"column":null}},"70":{"start":{"line":200,"column":16},"end":{"line":200,"column":null}},"71":{"start":{"line":201,"column":16},"end":{"line":201,"column":null}},"72":{"start":{"line":206,"column":12},"end":{"line":218,"column":null}},"73":{"start":{"line":207,"column":28},"end":{"line":211,"column":null}},"74":{"start":{"line":212,"column":44},"end":{"line":212,"column":null}},"75":{"start":{"line":215,"column":16},"end":{"line":217,"column":null}},"76":{"start":{"line":215,"column":54},"end":{"line":215,"column":127}},"77":{"start":{"line":216,"column":20},"end":{"line":216,"column":null}},"78":{"start":{"line":220,"column":12},"end":{"line":220,"column":null}},"79":{"start":{"line":221,"column":12},"end":{"line":221,"column":null}},"80":{"start":{"line":222,"column":12},"end":{"line":222,"column":null}},"81":{"start":{"line":223,"column":12},"end":{"line":223,"column":null}},"82":{"start":{"line":224,"column":12},"end":{"line":224,"column":null}},"83":{"start":{"line":227,"column":12},"end":{"line":256,"column":null}},"84":{"start":{"line":228,"column":32},"end":{"line":228,"column":null}},"85":{"start":{"line":229,"column":32},"end":{"line":229,"column":null}},"86":{"start":{"line":230,"column":30},"end":{"line":230,"column":null}},"87":{"start":{"line":231,"column":39},"end":{"line":231,"column":null}},"88":{"start":{"line":233,"column":32},"end":{"line":233,"column":null}},"89":{"start":{"line":233,"column":50},"end":{"line":233,"column":82}},"90":{"start":{"line":234,"column":16},"end":{"line":255,"column":null}},"91":{"start":{"line":235,"column":30},"end":{"line":235,"column":null}},"92":{"start":{"line":236,"column":30},"end":{"line":236,"column":null}},"93":{"start":{"line":237,"column":20},"end":{"line":237,"column":null}},"94":{"start":{"line":237,"column":42},"end":{"line":237,"column":null}},"95":{"start":{"line":238,"column":20},"end":{"line":238,"column":null}},"96":{"start":{"line":238,"column":42},"end":{"line":238,"column":null}},"97":{"start":{"line":240,"column":20},"end":{"line":249,"column":null}},"98":{"start":{"line":241,"column":49},"end":{"line":245,"column":null}},"99":{"start":{"line":246,"column":24},"end":{"line":246,"column":null}},"100":{"start":{"line":246,"column":43},"end":{"line":246,"column":null}},"101":{"start":{"line":247,"column":24},"end":{"line":247,"column":null}},"102":{"start":{"line":248,"column":24},"end":{"line":248,"column":null}},"103":{"start":{"line":250,"column":20},"end":{"line":254,"column":null}},"104":{"start":{"line":258,"column":12},"end":{"line":258,"column":null}},"105":{"start":{"line":262,"column":8},"end":{"line":361,"column":null}},"106":{"start":{"line":263,"column":24},"end":{"line":263,"column":null}},"107":{"start":{"line":264,"column":12},"end":{"line":264,"column":null}},"108":{"start":{"line":265,"column":12},"end":{"line":265,"column":null}},"109":{"start":{"line":267,"column":23},"end":{"line":267,"column":null}},"110":{"start":{"line":268,"column":27},"end":{"line":268,"column":null}},"111":{"start":{"line":269,"column":27},"end":{"line":269,"column":null}},"112":{"start":{"line":270,"column":12},"end":{"line":270,"column":null}},"113":{"start":{"line":274,"column":12},"end":{"line":297,"column":null}},"114":{"start":{"line":275,"column":65},"end":{"line":275,"column":null}},"115":{"start":{"line":277,"column":16},"end":{"line":292,"column":null}},"116":{"start":{"line":278,"column":20},"end":{"line":278,"column":null}},"117":{"start":{"line":279,"column":20},"end":{"line":279,"column":null}},"118":{"start":{"line":280,"column":20},"end":{"line":280,"column":null}},"119":{"start":{"line":281,"column":20},"end":{"line":281,"column":null}},"120":{"start":{"line":284,"column":20},"end":{"line":284,"column":null}},"121":{"start":{"line":286,"column":20},"end":{"line":288,"column":null}},"122":{"start":{"line":287,"column":24},"end":{"line":287,"column":null}},"123":{"start":{"line":290,"column":20},"end":{"line":290,"column":null}},"124":{"start":{"line":291,"column":20},"end":{"line":291,"column":null}},"125":{"start":{"line":295,"column":16},"end":{"line":295,"column":null}},"126":{"start":{"line":295,"column":85},"end":{"line":295,"column":null}},"127":{"start":{"line":300,"column":27},"end":{"line":300,"column":null}},"128":{"start":{"line":303,"column":12},"end":{"line":318,"column":null}},"129":{"start":{"line":304,"column":16},"end":{"line":317,"column":null}},"130":{"start":{"line":305,"column":20},"end":{"line":305,"column":null}},"131":{"start":{"line":306,"column":20},"end":{"line":306,"column":null}},"132":{"start":{"line":309,"column":20},"end":{"line":309,"column":null}},"133":{"start":{"line":311,"column":20},"end":{"line":313,"column":null}},"134":{"start":{"line":312,"column":24},"end":{"line":312,"column":null}},"135":{"start":{"line":315,"column":20},"end":{"line":315,"column":null}},"136":{"start":{"line":316,"column":20},"end":{"line":316,"column":null}},"137":{"start":{"line":321,"column":12},"end":{"line":360,"column":null}},"138":{"start":{"line":322,"column":34},"end":{"line":322,"column":null}},"139":{"start":{"line":323,"column":35},"end":{"line":323,"column":null}},"140":{"start":{"line":324,"column":34},"end":{"line":324,"column":null}},"141":{"start":{"line":326,"column":16},"end":{"line":359,"column":null}},"142":{"start":{"line":326,"column":29},"end":{"line":326,"column":41}},"143":{"start":{"line":327,"column":20},"end":{"line":357,"column":null}},"144":{"start":{"line":327,"column":37},"end":{"line":327,"column":40}},"145":{"start":{"line":328,"column":35},"end":{"line":328,"column":null}},"146":{"start":{"line":329,"column":35},"end":{"line":329,"column":null}},"147":{"start":{"line":330,"column":35},"end":{"line":330,"column":null}},"148":{"start":{"line":331,"column":35},"end":{"line":331,"column":null}},"149":{"start":{"line":333,"column":73},"end":{"line":333,"column":null}},"150":{"start":{"line":334,"column":46},"end":{"line":334,"column":null}},"151":{"start":{"line":335,"column":46},"end":{"line":335,"column":null}},"152":{"start":{"line":337,"column":24},"end":{"line":337,"column":null}},"153":{"start":{"line":337,"column":119},"end":{"line":337,"column":null}},"154":{"start":{"line":339,"column":24},"end":{"line":356,"column":null}},"155":{"start":{"line":340,"column":28},"end":{"line":340,"column":null}},"156":{"start":{"line":341,"column":28},"end":{"line":341,"column":null}},"157":{"start":{"line":342,"column":28},"end":{"line":342,"column":null}},"158":{"start":{"line":343,"column":28},"end":{"line":343,"column":null}},"159":{"start":{"line":345,"column":28},"end":{"line":350,"column":null}},"160":{"start":{"line":353,"column":28},"end":{"line":353,"column":null}},"161":{"start":{"line":354,"column":28},"end":{"line":354,"column":null}},"162":{"start":{"line":355,"column":28},"end":{"line":355,"column":null}},"163":{"start":{"line":358,"column":20},"end":{"line":358,"column":null}},"164":{"start":{"line":358,"column":34},"end":{"line":358,"column":null}},"165":{"start":{"line":363,"column":8},"end":{"line":363,"column":null}},"166":{"start":{"line":364,"column":8},"end":{"line":364,"column":null}},"167":{"start":{"line":368,"column":8},"end":{"line":368,"column":null}},"168":{"start":{"line":372,"column":8},"end":{"line":372,"column":null}},"169":{"start":{"line":379,"column":8},"end":{"line":379,"column":null}},"170":{"start":{"line":379,"column":35},"end":{"line":379,"column":null}},"171":{"start":{"line":382,"column":8},"end":{"line":382,"column":null}},"172":{"start":{"line":382,"column":34},"end":{"line":382,"column":null}},"173":{"start":{"line":385,"column":8},"end":{"line":389,"column":null}},"174":{"start":{"line":386,"column":12},"end":{"line":386,"column":null}},"175":{"start":{"line":386,"column":35},"end":{"line":386,"column":null}},"176":{"start":{"line":387,"column":12},"end":{"line":387,"column":null}},"177":{"start":{"line":387,"column":35},"end":{"line":387,"column":null}},"178":{"start":{"line":388,"column":12},"end":{"line":388,"column":null}},"179":{"start":{"line":393,"column":27},"end":{"line":393,"column":null}},"180":{"start":{"line":394,"column":21},"end":{"line":394,"column":null}},"181":{"start":{"line":395,"column":31},"end":{"line":395,"column":null}},"182":{"start":{"line":398,"column":32},"end":{"line":398,"column":null}},"183":{"start":{"line":399,"column":8},"end":{"line":399,"column":null}},"184":{"start":{"line":413,"column":23},"end":{"line":413,"column":null}},"185":{"start":{"line":414,"column":23},"end":{"line":414,"column":null}},"186":{"start":{"line":415,"column":29},"end":{"line":415,"column":null}},"187":{"start":{"line":417,"column":17},"end":{"line":417,"column":null}},"188":{"start":{"line":418,"column":17},"end":{"line":418,"column":null}},"189":{"start":{"line":421,"column":8},"end":{"line":421,"column":null}},"190":{"start":{"line":421,"column":22},"end":{"line":421,"column":null}},"191":{"start":{"line":422,"column":8},"end":{"line":422,"column":null}},"192":{"start":{"line":422,"column":22},"end":{"line":422,"column":null}},"193":{"start":{"line":425,"column":8},"end":{"line":427,"column":null}},"194":{"start":{"line":426,"column":12},"end":{"line":426,"column":null}},"195":{"start":{"line":429,"column":57},"end":{"line":429,"column":null}},"196":{"start":{"line":430,"column":8},"end":{"line":435,"column":null}},"197":{"start":{"line":431,"column":12},"end":{"line":431,"column":null}},"198":{"start":{"line":432,"column":12},"end":{"line":432,"column":null}},"199":{"start":{"line":433,"column":12},"end":{"line":433,"column":null}},"200":{"start":{"line":434,"column":12},"end":{"line":434,"column":null}},"201":{"start":{"line":436,"column":8},"end":{"line":436,"column":null}},"202":{"start":{"line":440,"column":21},"end":{"line":440,"column":null}},"203":{"start":{"line":441,"column":27},"end":{"line":441,"column":null}},"204":{"start":{"line":443,"column":8},"end":{"line":447,"column":null}},"205":{"start":{"line":446,"column":12},"end":{"line":446,"column":null}},"206":{"start":{"line":449,"column":20},"end":{"line":449,"column":null}},"207":{"start":{"line":450,"column":8},"end":{"line":450,"column":null}},"208":{"start":{"line":451,"column":8},"end":{"line":451,"column":null}},"209":{"start":{"line":452,"column":8},"end":{"line":452,"column":null}},"210":{"start":{"line":462,"column":8},"end":{"line":462,"column":null}},"211":{"start":{"line":462,"column":39},"end":{"line":462,"column":null}},"212":{"start":{"line":464,"column":86},"end":{"line":473,"column":null}},"213":{"start":{"line":475,"column":22},"end":{"line":475,"column":null}},"214":{"start":{"line":476,"column":22},"end":{"line":476,"column":null}},"215":{"start":{"line":479,"column":26},"end":{"line":479,"column":null}},"216":{"start":{"line":480,"column":29},"end":{"line":480,"column":null}},"217":{"start":{"line":482,"column":8},"end":{"line":519,"column":null}},"218":{"start":{"line":483,"column":21},"end":{"line":483,"column":null}},"219":{"start":{"line":484,"column":21},"end":{"line":484,"column":null}},"220":{"start":{"line":486,"column":12},"end":{"line":486,"column":null}},"221":{"start":{"line":486,"column":33},"end":{"line":486,"column":null}},"222":{"start":{"line":487,"column":12},"end":{"line":487,"column":null}},"223":{"start":{"line":487,"column":33},"end":{"line":487,"column":null}},"224":{"start":{"line":489,"column":12},"end":{"line":489,"column":null}},"225":{"start":{"line":489,"column":70},"end":{"line":489,"column":null}},"226":{"start":{"line":491,"column":36},"end":{"line":496,"column":null}},"227":{"start":{"line":498,"column":31},"end":{"line":498,"column":null}},"228":{"start":{"line":501,"column":30},"end":{"line":501,"column":null}},"229":{"start":{"line":501,"column":55},"end":{"line":501,"column":85}},"230":{"start":{"line":503,"column":12},"end":{"line":518,"column":null}},"231":{"start":{"line":504,"column":16},"end":{"line":504,"column":null}},"232":{"start":{"line":505,"column":16},"end":{"line":509,"column":null}},"233":{"start":{"line":512,"column":30},"end":{"line":512,"column":null}},"234":{"start":{"line":513,"column":16},"end":{"line":515,"column":null}},"235":{"start":{"line":514,"column":20},"end":{"line":514,"column":null}},"236":{"start":{"line":517,"column":16},"end":{"line":517,"column":null}},"237":{"start":{"line":520,"column":8},"end":{"line":520,"column":null}}},"fnMap":{"0":{"name":"(anonymous_0)","decl":{"start":{"line":64,"column":4},"end":{"line":64,"column":18}},"loc":{"start":{"line":64,"column":18},"end":{"line":66,"column":null}},"line":64},"1":{"name":"(anonymous_1)","decl":{"start":{"line":68,"column":11},"end":{"line":68,"column":20}},"loc":{"start":{"line":68,"column":47},"end":{"line":81,"column":null}},"line":68},"2":{"name":"(anonymous_2)","decl":{"start":{"line":70,"column":49},"end":{"line":70,"column":54}},"loc":{"start":{"line":70,"column":54},"end":{"line":70,"column":75}},"line":70},"3":{"name":"(anonymous_3)","decl":{"start":{"line":83,"column":11},"end":{"line":83,"column":19}},"loc":{"start":{"line":83,"column":19},"end":{"line":89,"column":null}},"line":83},"4":{"name":"(anonymous_4)","decl":{"start":{"line":91,"column":11},"end":{"line":91,"column":24}},"loc":{"start":{"line":91,"column":24},"end":{"line":93,"column":null}},"line":91},"5":{"name":"(anonymous_5)","decl":{"start":{"line":95,"column":11},"end":{"line":95,"column":18}},"loc":{"start":{"line":95,"column":30},"end":{"line":97,"column":null}},"line":95},"6":{"name":"(anonymous_6)","decl":{"start":{"line":99,"column":11},"end":{"line":99,"column":null}},"loc":{"start":{"line":104,"column":24},"end":{"line":365,"column":null}},"line":104},"7":{"name":"(anonymous_7)","decl":{"start":{"line":106,"column":24},"end":{"line":106,"column":25}},"loc":{"start":{"line":106,"column":34},"end":{"line":114,"column":9}},"line":106},"8":{"name":"(anonymous_8)","decl":{"start":{"line":181,"column":47},"end":{"line":181,"column":52}},"loc":{"start":{"line":181,"column":52},"end":{"line":181,"column":75}},"line":181},"9":{"name":"(anonymous_9)","decl":{"start":{"line":215,"column":45},"end":{"line":215,"column":54}},"loc":{"start":{"line":215,"column":54},"end":{"line":215,"column":127}},"line":215},"10":{"name":"(anonymous_10)","decl":{"start":{"line":233,"column":45},"end":{"line":233,"column":50}},"loc":{"start":{"line":233,"column":50},"end":{"line":233,"column":82}},"line":233},"11":{"name":"(anonymous_11)","decl":{"start":{"line":367,"column":11},"end":{"line":367,"column":48}},"loc":{"start":{"line":367,"column":48},"end":{"line":369,"column":null}},"line":367},"12":{"name":"(anonymous_12)","decl":{"start":{"line":371,"column":12},"end":{"line":371,"column":30}},"loc":{"start":{"line":371,"column":111},"end":{"line":373,"column":null}},"line":371},"13":{"name":"(anonymous_13)","decl":{"start":{"line":375,"column":12},"end":{"line":375,"column":24}},"loc":{"start":{"line":375,"column":51},"end":{"line":400,"column":null}},"line":375},"14":{"name":"(anonymous_14)","decl":{"start":{"line":402,"column":12},"end":{"line":402,"column":null}},"loc":{"start":{"line":412,"column":15},"end":{"line":437,"column":null}},"line":412},"15":{"name":"(anonymous_15)","decl":{"start":{"line":439,"column":12},"end":{"line":439,"column":36}},"loc":{"start":{"line":439,"column":151},"end":{"line":453,"column":null}},"line":439},"16":{"name":"(anonymous_16)","decl":{"start":{"line":455,"column":12},"end":{"line":455,"column":null}},"loc":{"start":{"line":461,"column":15},"end":{"line":521,"column":null}},"line":461},"17":{"name":"(anonymous_17)","decl":{"start":{"line":501,"column":46},"end":{"line":501,"column":55}},"loc":{"start":{"line":501,"column":55},"end":{"line":501,"column":85}},"line":501}},"branchMap":{"0":{"loc":{"start":{"line":71,"column":8},"end":{"line":79,"column":null}},"type":"if","locations":[{"start":{"line":71,"column":8},"end":{"line":79,"column":null}},{"start":{},"end":{}}],"line":71},"1":{"loc":{"start":{"line":74,"column":12},"end":{"line":77,"column":null}},"type":"if","locations":[{"start":{"line":74,"column":12},"end":{"line":77,"column":null}},{"start":{},"end":{}}],"line":74},"2":{"loc":{"start":{"line":74,"column":16},"end":{"line":74,"column":70}},"type":"binary-expr","locations":[{"start":{"line":74,"column":16},"end":{"line":74,"column":44}},{"start":{"line":74,"column":44},"end":{"line":74,"column":70}}],"line":74},"3":{"loc":{"start":{"line":109,"column":12},"end":{"line":109,"column":null}},"type":"if","locations":[{"start":{"line":109,"column":12},"end":{"line":109,"column":null}},{"start":{},"end":{}}],"line":109},"4":{"loc":{"start":{"line":112,"column":12},"end":{"line":112,"column":null}},"type":"if","locations":[{"start":{"line":112,"column":12},"end":{"line":112,"column":null}},{"start":{},"end":{}}],"line":112},"5":{"loc":{"start":{"line":144,"column":12},"end":{"line":148,"column":null}},"type":"if","locations":[{"start":{"line":144,"column":12},"end":{"line":148,"column":null}},{"start":{"line":146,"column":19},"end":{"line":148,"column":null}}],"line":144},"6":{"loc":{"start":{"line":164,"column":23},"end":{"line":164,"column":null}},"type":"cond-expr","locations":[{"start":{"line":164,"column":83},"end":{"line":164,"column":97}},{"start":{"line":164,"column":97},"end":{"line":164,"column":null}}],"line":164},"7":{"loc":{"start":{"line":164,"column":23},"end":{"line":164,"column":83}},"type":"binary-expr","locations":[{"start":{"line":164,"column":23},"end":{"line":164,"column":51}},{"start":{"line":164,"column":51},"end":{"line":164,"column":83}}],"line":164},"8":{"loc":{"start":{"line":170,"column":61},"end":{"line":170,"column":null}},"type":"cond-expr","locations":[{"start":{"line":170,"column":92},"end":{"line":170,"column":105}},{"start":{"line":170,"column":105},"end":{"line":170,"column":null}}],"line":170},"9":{"loc":{"start":{"line":170,"column":105},"end":{"line":170,"column":null}},"type":"cond-expr","locations":[{"start":{"line":170,"column":122},"end":{"line":170,"column":132}},{"start":{"line":170,"column":132},"end":{"line":170,"column":null}}],"line":170},"10":{"loc":{"start":{"line":173,"column":12},"end":{"line":186,"column":null}},"type":"if","locations":[{"start":{"line":173,"column":12},"end":{"line":186,"column":null}},{"start":{"line":175,"column":12},"end":{"line":186,"column":null}}],"line":173},"11":{"loc":{"start":{"line":175,"column":12},"end":{"line":186,"column":null}},"type":"if","locations":[{"start":{"line":175,"column":12},"end":{"line":186,"column":null}},{"start":{"line":178,"column":19},"end":{"line":186,"column":null}}],"line":175},"12":{"loc":{"start":{"line":176,"column":31},"end":{"line":176,"column":56}},"type":"binary-expr","locations":[{"start":{"line":176,"column":31},"end":{"line":176,"column":51}},{"start":{"line":176,"column":51},"end":{"line":176,"column":56}}],"line":176},"13":{"loc":{"start":{"line":176,"column":77},"end":{"line":176,"column":99}},"type":"binary-expr","locations":[{"start":{"line":176,"column":77},"end":{"line":176,"column":98}},{"start":{"line":176,"column":98},"end":{"line":176,"column":99}}],"line":176},"14":{"loc":{"start":{"line":177,"column":31},"end":{"line":177,"column":56}},"type":"binary-expr","locations":[{"start":{"line":177,"column":31},"end":{"line":177,"column":51}},{"start":{"line":177,"column":51},"end":{"line":177,"column":56}}],"line":177},"15":{"loc":{"start":{"line":177,"column":77},"end":{"line":177,"column":99}},"type":"binary-expr","locations":[{"start":{"line":177,"column":77},"end":{"line":177,"column":98}},{"start":{"line":177,"column":98},"end":{"line":177,"column":99}}],"line":177},"16":{"loc":{"start":{"line":182,"column":16},"end":{"line":185,"column":null}},"type":"if","locations":[{"start":{"line":182,"column":16},"end":{"line":185,"column":null}},{"start":{},"end":{}}],"line":182},"17":{"loc":{"start":{"line":183,"column":20},"end":{"line":183,"column":null}},"type":"if","locations":[{"start":{"line":183,"column":20},"end":{"line":183,"column":null}},{"start":{},"end":{}}],"line":183},"18":{"loc":{"start":{"line":184,"column":20},"end":{"line":184,"column":null}},"type":"if","locations":[{"start":{"line":184,"column":20},"end":{"line":184,"column":null}},{"start":{},"end":{}}],"line":184},"19":{"loc":{"start":{"line":192,"column":12},"end":{"line":202,"column":null}},"type":"if","locations":[{"start":{"line":192,"column":12},"end":{"line":202,"column":null}},{"start":{},"end":{}}],"line":192},"20":{"loc":{"start":{"line":199,"column":16},"end":{"line":199,"column":null}},"type":"if","locations":[{"start":{"line":199,"column":16},"end":{"line":199,"column":null}},{"start":{},"end":{}}],"line":199},"21":{"loc":{"start":{"line":206,"column":12},"end":{"line":218,"column":null}},"type":"if","locations":[{"start":{"line":206,"column":12},"end":{"line":218,"column":null}},{"start":{},"end":{}}],"line":206},"22":{"loc":{"start":{"line":206,"column":16},"end":{"line":206,"column":66}},"type":"binary-expr","locations":[{"start":{"line":206,"column":16},"end":{"line":206,"column":48}},{"start":{"line":206,"column":48},"end":{"line":206,"column":66}}],"line":206},"23":{"loc":{"start":{"line":215,"column":16},"end":{"line":217,"column":null}},"type":"if","locations":[{"start":{"line":215,"column":16},"end":{"line":217,"column":null}},{"start":{},"end":{}}],"line":215},"24":{"loc":{"start":{"line":215,"column":54},"end":{"line":215,"column":127}},"type":"binary-expr","locations":[{"start":{"line":215,"column":54},"end":{"line":215,"column":88}},{"start":{"line":215,"column":88},"end":{"line":215,"column":127}}],"line":215},"25":{"loc":{"start":{"line":227,"column":12},"end":{"line":256,"column":null}},"type":"if","locations":[{"start":{"line":227,"column":12},"end":{"line":256,"column":null}},{"start":{},"end":{}}],"line":227},"26":{"loc":{"start":{"line":227,"column":16},"end":{"line":227,"column":67}},"type":"binary-expr","locations":[{"start":{"line":227,"column":16},"end":{"line":227,"column":44}},{"start":{"line":227,"column":44},"end":{"line":227,"column":67}}],"line":227},"27":{"loc":{"start":{"line":230,"column":30},"end":{"line":230,"column":null}},"type":"cond-expr","locations":[{"start":{"line":230,"column":90},"end":{"line":230,"column":104}},{"start":{"line":230,"column":104},"end":{"line":230,"column":null}}],"line":230},"28":{"loc":{"start":{"line":230,"column":30},"end":{"line":230,"column":90}},"type":"binary-expr","locations":[{"start":{"line":230,"column":30},"end":{"line":230,"column":58}},{"start":{"line":230,"column":58},"end":{"line":230,"column":90}}],"line":230},"29":{"loc":{"start":{"line":234,"column":16},"end":{"line":255,"column":null}},"type":"if","locations":[{"start":{"line":234,"column":16},"end":{"line":255,"column":null}},{"start":{},"end":{}}],"line":234},"30":{"loc":{"start":{"line":237,"column":20},"end":{"line":237,"column":null}},"type":"if","locations":[{"start":{"line":237,"column":20},"end":{"line":237,"column":null}},{"start":{},"end":{}}],"line":237},"31":{"loc":{"start":{"line":238,"column":20},"end":{"line":238,"column":null}},"type":"if","locations":[{"start":{"line":238,"column":20},"end":{"line":238,"column":null}},{"start":{},"end":{}}],"line":238},"32":{"loc":{"start":{"line":240,"column":20},"end":{"line":249,"column":null}},"type":"if","locations":[{"start":{"line":240,"column":20},"end":{"line":249,"column":null}},{"start":{},"end":{}}],"line":240},"33":{"loc":{"start":{"line":246,"column":24},"end":{"line":246,"column":null}},"type":"if","locations":[{"start":{"line":246,"column":24},"end":{"line":246,"column":null}},{"start":{},"end":{}}],"line":246},"34":{"loc":{"start":{"line":267,"column":23},"end":{"line":267,"column":null}},"type":"cond-expr","locations":[{"start":{"line":267,"column":83},"end":{"line":267,"column":97}},{"start":{"line":267,"column":97},"end":{"line":267,"column":null}}],"line":267},"35":{"loc":{"start":{"line":267,"column":23},"end":{"line":267,"column":83}},"type":"binary-expr","locations":[{"start":{"line":267,"column":23},"end":{"line":267,"column":51}},{"start":{"line":267,"column":51},"end":{"line":267,"column":83}}],"line":267},"36":{"loc":{"start":{"line":274,"column":12},"end":{"line":297,"column":null}},"type":"if","locations":[{"start":{"line":274,"column":12},"end":{"line":297,"column":null}},{"start":{},"end":{}}],"line":274},"37":{"loc":{"start":{"line":274,"column":16},"end":{"line":274,"column":130}},"type":"binary-expr","locations":[{"start":{"line":274,"column":16},"end":{"line":274,"column":51}},{"start":{"line":274,"column":51},"end":{"line":274,"column":84}},{"start":{"line":274,"column":84},"end":{"line":274,"column":112}},{"start":{"line":274,"column":112},"end":{"line":274,"column":130}}],"line":274},"38":{"loc":{"start":{"line":275,"column":65},"end":{"line":275,"column":null}},"type":"cond-expr","locations":[{"start":{"line":275,"column":96},"end":{"line":275,"column":109}},{"start":{"line":275,"column":109},"end":{"line":275,"column":null}}],"line":275},"39":{"loc":{"start":{"line":275,"column":109},"end":{"line":275,"column":null}},"type":"cond-expr","locations":[{"start":{"line":275,"column":126},"end":{"line":275,"column":136}},{"start":{"line":275,"column":136},"end":{"line":275,"column":null}}],"line":275},"40":{"loc":{"start":{"line":277,"column":16},"end":{"line":292,"column":null}},"type":"if","locations":[{"start":{"line":277,"column":16},"end":{"line":292,"column":null}},{"start":{},"end":{}}],"line":277},"41":{"loc":{"start":{"line":286,"column":20},"end":{"line":288,"column":null}},"type":"if","locations":[{"start":{"line":286,"column":20},"end":{"line":288,"column":null}},{"start":{},"end":{}}],"line":286},"42":{"loc":{"start":{"line":295,"column":16},"end":{"line":295,"column":null}},"type":"if","locations":[{"start":{"line":295,"column":16},"end":{"line":295,"column":null}},{"start":{},"end":{}}],"line":295},"43":{"loc":{"start":{"line":295,"column":20},"end":{"line":295,"column":85}},"type":"binary-expr","locations":[{"start":{"line":295,"column":20},"end":{"line":295,"column":55}},{"start":{"line":295,"column":55},"end":{"line":295,"column":85}}],"line":295},"44":{"loc":{"start":{"line":304,"column":16},"end":{"line":317,"column":null}},"type":"if","locations":[{"start":{"line":304,"column":16},"end":{"line":317,"column":null}},{"start":{},"end":{}}],"line":304},"45":{"loc":{"start":{"line":311,"column":20},"end":{"line":313,"column":null}},"type":"if","locations":[{"start":{"line":311,"column":20},"end":{"line":313,"column":null}},{"start":{},"end":{}}],"line":311},"46":{"loc":{"start":{"line":321,"column":12},"end":{"line":360,"column":null}},"type":"if","locations":[{"start":{"line":321,"column":12},"end":{"line":360,"column":null}},{"start":{},"end":{}}],"line":321},"47":{"loc":{"start":{"line":333,"column":73},"end":{"line":333,"column":null}},"type":"cond-expr","locations":[{"start":{"line":333,"column":90},"end":{"line":333,"column":100}},{"start":{"line":333,"column":100},"end":{"line":333,"column":null}}],"line":333},"48":{"loc":{"start":{"line":337,"column":24},"end":{"line":337,"column":null}},"type":"if","locations":[{"start":{"line":337,"column":24},"end":{"line":337,"column":null}},{"start":{},"end":{}}],"line":337},"49":{"loc":{"start":{"line":339,"column":24},"end":{"line":356,"column":null}},"type":"if","locations":[{"start":{"line":339,"column":24},"end":{"line":356,"column":null}},{"start":{},"end":{}}],"line":339},"50":{"loc":{"start":{"line":358,"column":20},"end":{"line":358,"column":null}},"type":"if","locations":[{"start":{"line":358,"column":20},"end":{"line":358,"column":null}},{"start":{},"end":{}}],"line":358},"51":{"loc":{"start":{"line":372,"column":16},"end":{"line":372,"column":null}},"type":"binary-expr","locations":[{"start":{"line":372,"column":16},"end":{"line":372,"column":31}},{"start":{"line":372,"column":31},"end":{"line":372,"column":47}},{"start":{"line":372,"column":47},"end":{"line":372,"column":62}},{"start":{"line":372,"column":62},"end":{"line":372,"column":null}}],"line":372},"52":{"loc":{"start":{"line":379,"column":8},"end":{"line":379,"column":null}},"type":"if","locations":[{"start":{"line":379,"column":8},"end":{"line":379,"column":null}},{"start":{},"end":{}}],"line":379},"53":{"loc":{"start":{"line":382,"column":8},"end":{"line":382,"column":null}},"type":"if","locations":[{"start":{"line":382,"column":8},"end":{"line":382,"column":null}},{"start":{},"end":{}}],"line":382},"54":{"loc":{"start":{"line":385,"column":8},"end":{"line":389,"column":null}},"type":"if","locations":[{"start":{"line":385,"column":8},"end":{"line":389,"column":null}},{"start":{},"end":{}}],"line":385},"55":{"loc":{"start":{"line":386,"column":12},"end":{"line":386,"column":null}},"type":"if","locations":[{"start":{"line":386,"column":12},"end":{"line":386,"column":null}},{"start":{},"end":{}}],"line":386},"56":{"loc":{"start":{"line":387,"column":12},"end":{"line":387,"column":null}},"type":"if","locations":[{"start":{"line":387,"column":12},"end":{"line":387,"column":null}},{"start":{},"end":{}}],"line":387},"57":{"loc":{"start":{"line":394,"column":32},"end":{"line":394,"column":45}},"type":"binary-expr","locations":[{"start":{"line":394,"column":32},"end":{"line":394,"column":42}},{"start":{"line":394,"column":42},"end":{"line":394,"column":45}}],"line":394},"58":{"loc":{"start":{"line":395,"column":31},"end":{"line":395,"column":null}},"type":"cond-expr","locations":[{"start":{"line":395,"column":48},"end":{"line":395,"column":52}},{"start":{"line":395,"column":52},"end":{"line":395,"column":null}}],"line":395},"59":{"loc":{"start":{"line":398,"column":46},"end":{"line":398,"column":62}},"type":"binary-expr","locations":[{"start":{"line":398,"column":46},"end":{"line":398,"column":57}},{"start":{"line":398,"column":57},"end":{"line":398,"column":62}}],"line":398},"60":{"loc":{"start":{"line":421,"column":8},"end":{"line":421,"column":null}},"type":"if","locations":[{"start":{"line":421,"column":8},"end":{"line":421,"column":null}},{"start":{},"end":{}}],"line":421},"61":{"loc":{"start":{"line":422,"column":8},"end":{"line":422,"column":null}},"type":"if","locations":[{"start":{"line":422,"column":8},"end":{"line":422,"column":null}},{"start":{},"end":{}}],"line":422},"62":{"loc":{"start":{"line":425,"column":8},"end":{"line":427,"column":null}},"type":"if","locations":[{"start":{"line":425,"column":8},"end":{"line":427,"column":null}},{"start":{},"end":{}}],"line":425},"63":{"loc":{"start":{"line":429,"column":57},"end":{"line":429,"column":null}},"type":"cond-expr","locations":[{"start":{"line":429,"column":88},"end":{"line":429,"column":101}},{"start":{"line":429,"column":101},"end":{"line":429,"column":null}}],"line":429},"64":{"loc":{"start":{"line":429,"column":101},"end":{"line":429,"column":null}},"type":"cond-expr","locations":[{"start":{"line":429,"column":118},"end":{"line":429,"column":128}},{"start":{"line":429,"column":128},"end":{"line":429,"column":null}}],"line":429},"65":{"loc":{"start":{"line":430,"column":8},"end":{"line":435,"column":null}},"type":"if","locations":[{"start":{"line":430,"column":8},"end":{"line":435,"column":null}},{"start":{},"end":{}}],"line":430},"66":{"loc":{"start":{"line":443,"column":8},"end":{"line":447,"column":null}},"type":"if","locations":[{"start":{"line":443,"column":8},"end":{"line":447,"column":null}},{"start":{},"end":{}}],"line":443},"67":{"loc":{"start":{"line":462,"column":8},"end":{"line":462,"column":null}},"type":"if","locations":[{"start":{"line":462,"column":8},"end":{"line":462,"column":null}},{"start":{},"end":{}}],"line":462},"68":{"loc":{"start":{"line":479,"column":26},"end":{"line":479,"column":null}},"type":"cond-expr","locations":[{"start":{"line":479,"column":86},"end":{"line":479,"column":90}},{"start":{"line":479,"column":90},"end":{"line":479,"column":null}}],"line":479},"69":{"loc":{"start":{"line":479,"column":26},"end":{"line":479,"column":86}},"type":"binary-expr","locations":[{"start":{"line":479,"column":26},"end":{"line":479,"column":54}},{"start":{"line":479,"column":54},"end":{"line":479,"column":86}}],"line":479},"70":{"loc":{"start":{"line":486,"column":12},"end":{"line":486,"column":null}},"type":"if","locations":[{"start":{"line":486,"column":12},"end":{"line":486,"column":null}},{"start":{},"end":{}}],"line":486},"71":{"loc":{"start":{"line":487,"column":12},"end":{"line":487,"column":null}},"type":"if","locations":[{"start":{"line":487,"column":12},"end":{"line":487,"column":null}},{"start":{},"end":{}}],"line":487},"72":{"loc":{"start":{"line":489,"column":12},"end":{"line":489,"column":null}},"type":"if","locations":[{"start":{"line":489,"column":12},"end":{"line":489,"column":null}},{"start":{},"end":{}}],"line":489},"73":{"loc":{"start":{"line":503,"column":12},"end":{"line":518,"column":null}},"type":"if","locations":[{"start":{"line":503,"column":12},"end":{"line":518,"column":null}},{"start":{},"end":{}}],"line":503},"74":{"loc":{"start":{"line":513,"column":16},"end":{"line":515,"column":null}},"type":"if","locations":[{"start":{"line":513,"column":16},"end":{"line":515,"column":null}},{"start":{},"end":{}}],"line":513}},"s":{"0":12,"1":12,"2":12,"3":12,"4":12,"5":21,"6":8,"7":21,"8":1,"9":1,"10":0,"11":1,"12":20,"13":2,"14":2,"15":2,"16":2,"17":1,"18":1,"19":15,"20":8,"21":8,"22":8,"23":5,"24":3,"25":1,"26":2,"27":15,"28":15,"29":15,"30":15,"31":15,"32":15,"33":15,"34":15,"35":21,"36":1,"37":20,"38":15,"39":1,"40":1,"41":1,"42":1,"43":1,"44":1,"45":1,"46":1,"47":1,"48":1,"49":1,"50":1,"51":1,"52":0,"53":0,"54":0,"55":0,"56":0,"57":0,"58":0,"59":0,"60":0,"61":0,"62":0,"63":0,"64":1,"65":1,"66":1,"67":0,"68":0,"69":0,"70":0,"71":0,"72":1,"73":0,"74":0,"75":0,"76":0,"77":0,"78":1,"79":1,"80":1,"81":1,"82":1,"83":1,"84":0,"85":0,"86":0,"87":0,"88":0,"89":0,"90":0,"91":0,"92":0,"93":0,"94":0,"95":0,"96":0,"97":0,"98":0,"99":0,"100":0,"101":0,"102":0,"103":0,"104":1,"105":15,"106":20,"107":20,"108":20,"109":20,"110":20,"111":20,"112":20,"113":20,"114":17,"115":17,"116":16,"117":16,"118":16,"119":16,"120":16,"121":16,"122":3,"123":16,"124":16,"125":1,"126":1,"127":3,"128":3,"129":10,"130":2,"131":2,"132":2,"133":2,"134":0,"135":2,"136":2,"137":3,"138":1,"139":1,"140":1,"141":1,"142":1,"143":10,"144":10,"145":334,"146":334,"147":334,"148":334,"149":334,"150":334,"151":334,"152":334,"153":0,"154":334,"155":1,"156":1,"157":1,"158":1,"159":1,"160":1,"161":1,"162":1,"163":10,"164":1,"165":15,"166":15,"167":1,"168":347,"169":16,"170":4,"171":12,"172":0,"173":12,"174":12,"175":6,"176":6,"177":3,"178":3,"179":0,"180":0,"181":16,"182":16,"183":16,"184":10,"185":10,"186":10,"187":10,"188":10,"189":10,"190":8,"191":10,"192":8,"193":10,"194":0,"195":10,"196":10,"197":2,"198":2,"199":2,"200":2,"201":8,"202":361,"203":361,"204":361,"205":342,"206":19,"207":19,"208":19,"209":19,"210":3,"211":0,"212":3,"213":3,"214":3,"215":3,"216":3,"217":3,"218":3,"219":3,"220":3,"221":3,"222":3,"223":3,"224":3,"225":0,"226":3,"227":3,"228":3,"229":0,"230":3,"231":3,"232":3,"233":3,"234":3,"235":3,"236":3,"237":0},"f":{"0":12,"1":21,"2":8,"3":2,"4":1,"5":1,"6":15,"7":8,"8":0,"9":0,"10":0,"11":1,"12":347,"13":16,"14":10,"15":361,"16":3,"17":0},"b":{"0":[1,20],"1":[0,1],"2":[1,0],"3":[5,3],"4":[1,2],"5":[1,20],"6":[0,1],"7":[1,1],"8":[0,1],"9":[1,0],"10":[1,0],"11":[0,0],"12":[0,0],"13":[0,0],"14":[0,0],"15":[0,0],"16":[0,0],"17":[0,0],"18":[0,0],"19":[0,1],"20":[0,0],"21":[0,1],"22":[1,0],"23":[0,0],"24":[0,0],"25":[0,1],"26":[1,0],"27":[0,0],"28":[0,0],"29":[0,0],"30":[0,0],"31":[0,0],"32":[0,0],"33":[0,0],"34":[6,14],"35":[20,14],"36":[17,3],"37":[20,6,6,6],"38":[0,17],"39":[14,3],"40":[16,1],"41":[3,13],"42":[1,0],"43":[1,0],"44":[2,8],"45":[0,2],"46":[1,2],"47":[334,0],"48":[0,334],"49":[1,333],"50":[1,9],"51":[347,347,347,347],"52":[4,12],"53":[0,12],"54":[12,0],"55":[6,6],"56":[3,3],"57":[0,0],"58":[0,0],"59":[16,0],"60":[8,2],"61":[8,2],"62":[0,10],"63":[0,10],"64":[10,0],"65":[2,8],"66":[342,19],"67":[0,3],"68":[3,0],"69":[3,0],"70":[3,0],"71":[3,0],"72":[0,3],"73":[3,0],"74":[3,0]},"meta":{"lastBranch":75,"lastFunction":18,"lastStatement":238,"seen":{"s:59:38:59:Infinity":0,"s:60:55:60:Infinity":1,"s:61:37:61:Infinity":2,"s:62:50:62:Infinity":3,"f:64:4:64:18":0,"s:65:8:65:Infinity":4,"f:68:11:68:20":1,"s:70:28:70:Infinity":5,"f:70:49:70:54":2,"s:70:54:70:75":6,"b:71:8:79:Infinity:undefined:undefined:undefined:undefined":0,"s:71:8:79:Infinity":7,"s:73:29:73:Infinity":8,"b:74:12:77:Infinity:undefined:undefined:undefined:undefined":1,"s:74:12:77:Infinity":9,"b:74:16:74:44:74:44:74:70":2,"s:75:16:75:Infinity":10,"s:78:12:78:Infinity":11,"s:80:8:80:Infinity":12,"f:83:11:83:19":3,"s:84:8:84:Infinity":13,"s:85:8:85:Infinity":14,"s:86:8:86:Infinity":15,"s:87:8:87:Infinity":16,"f:91:11:91:24":4,"s:92:8:92:Infinity":17,"f:95:11:95:18":5,"s:96:8:96:Infinity":18,"f:99:11:99:Infinity":6,"s:106:8:114:Infinity":19,"f:106:24:106:25":7,"s:107:23:107:Infinity":20,"s:108:23:108:Infinity":21,"b:109:12:109:Infinity:undefined:undefined:undefined:undefined":3,"s:109:12:109:Infinity":22,"s:109:27:109:Infinity":23,"b:112:12:112:Infinity:undefined:undefined:undefined:undefined":4,"s:112:12:112:Infinity":24,"s:112:37:112:Infinity":25,"s:113:12:113:Infinity":26,"s:116:41:116:Infinity":27,"s:117:29:117:Infinity":28,"s:118:28:118:Infinity":29,"s:119:30:119:Infinity":30,"s:126:86:135:Infinity":31,"s:138:51:138:Infinity":32,"s:139:48:139:Infinity":33,"s:141:8:149:Infinity":34,"b:144:12:148:Infinity:146:19:148:Infinity":5,"s:144:12:148:Infinity":35,"s:145:16:145:Infinity":36,"s:147:16:147:Infinity":37,"s:152:8:259:Infinity":38,"s:154:36:154:Infinity":39,"s:156:24:156:Infinity":40,"s:157:26:157:Infinity":41,"s:158:12:158:Infinity":42,"s:159:12:159:Infinity":43,"s:163:30:163:Infinity":44,"s:164:23:164:Infinity":45,"b:164:83:164:97:164:97:164:Infinity":6,"b:164:23:164:51:164:51:164:83":7,"s:165:28:165:Infinity":46,"s:166:28:166:Infinity":47,"s:168:21:168:Infinity":48,"s:169:21:169:Infinity":49,"s:170:61:170:Infinity":50,"b:170:92:170:105:170:105:170:Infinity":8,"b:170:122:170:132:170:132:170:Infinity":9,"b:173:12:186:Infinity:175:12:186:Infinity":10,"s:173:12:186:Infinity":51,"b:175:12:186:Infinity:178:19:186:Infinity":11,"s:175:12:186:Infinity":52,"s:176:16:176:Infinity":53,"b:176:31:176:51:176:51:176:56":12,"b:176:77:176:98:176:98:176:99":13,"s:177:16:177:Infinity":54,"b:177:31:177:51:177:51:177:56":14,"b:177:77:177:98:177:98:177:99":15,"s:179:32:179:Infinity":55,"s:180:37:180:Infinity":56,"s:181:34:181:Infinity":57,"f:181:47:181:52":8,"s:181:52:181:75":58,"b:182:16:185:Infinity:undefined:undefined:undefined:undefined":16,"s:182:16:185:Infinity":59,"b:183:20:183:Infinity:undefined:undefined:undefined:undefined":17,"s:183:20:183:Infinity":60,"s:183:44:183:Infinity":61,"b:184:20:184:Infinity:undefined:undefined:undefined:undefined":18,"s:184:20:184:Infinity":62,"s:184:44:184:Infinity":63,"s:189:12:189:Infinity":64,"s:190:12:190:Infinity":65,"b:192:12:202:Infinity:undefined:undefined:undefined:undefined":19,"s:192:12:202:Infinity":66,"s:194:28:198:Infinity":67,"b:199:16:199:Infinity:undefined:undefined:undefined:undefined":20,"s:199:16:199:Infinity":68,"s:199:35:199:Infinity":69,"s:200:16:200:Infinity":70,"s:201:16:201:Infinity":71,"b:206:12:218:Infinity:undefined:undefined:undefined:undefined":21,"s:206:12:218:Infinity":72,"b:206:16:206:48:206:48:206:66":22,"s:207:28:211:Infinity":73,"s:212:44:212:Infinity":74,"b:215:16:217:Infinity:undefined:undefined:undefined:undefined":23,"s:215:16:217:Infinity":75,"f:215:45:215:54":9,"s:215:54:215:127":76,"b:215:54:215:88:215:88:215:127":24,"s:216:20:216:Infinity":77,"s:220:12:220:Infinity":78,"s:221:12:221:Infinity":79,"s:222:12:222:Infinity":80,"s:223:12:223:Infinity":81,"s:224:12:224:Infinity":82,"b:227:12:256:Infinity:undefined:undefined:undefined:undefined":25,"s:227:12:256:Infinity":83,"b:227:16:227:44:227:44:227:67":26,"s:228:32:228:Infinity":84,"s:229:32:229:Infinity":85,"s:230:30:230:Infinity":86,"b:230:90:230:104:230:104:230:Infinity":27,"b:230:30:230:58:230:58:230:90":28,"s:231:39:231:Infinity":87,"s:233:32:233:Infinity":88,"f:233:45:233:50":10,"s:233:50:233:82":89,"b:234:16:255:Infinity:undefined:undefined:undefined:undefined":29,"s:234:16:255:Infinity":90,"s:235:30:235:Infinity":91,"s:236:30:236:Infinity":92,"b:237:20:237:Infinity:undefined:undefined:undefined:undefined":30,"s:237:20:237:Infinity":93,"s:237:42:237:Infinity":94,"b:238:20:238:Infinity:undefined:undefined:undefined:undefined":31,"s:238:20:238:Infinity":95,"s:238:42:238:Infinity":96,"b:240:20:249:Infinity:undefined:undefined:undefined:undefined":32,"s:240:20:249:Infinity":97,"s:241:49:245:Infinity":98,"b:246:24:246:Infinity:undefined:undefined:undefined:undefined":33,"s:246:24:246:Infinity":99,"s:246:43:246:Infinity":100,"s:247:24:247:Infinity":101,"s:248:24:248:Infinity":102,"s:250:20:254:Infinity":103,"s:258:12:258:Infinity":104,"s:262:8:361:Infinity":105,"s:263:24:263:Infinity":106,"s:264:12:264:Infinity":107,"s:265:12:265:Infinity":108,"s:267:23:267:Infinity":109,"b:267:83:267:97:267:97:267:Infinity":34,"b:267:23:267:51:267:51:267:83":35,"s:268:27:268:Infinity":110,"s:269:27:269:Infinity":111,"s:270:12:270:Infinity":112,"b:274:12:297:Infinity:undefined:undefined:undefined:undefined":36,"s:274:12:297:Infinity":113,"b:274:16:274:51:274:51:274:84:274:84:274:112:274:112:274:130":37,"s:275:65:275:Infinity":114,"b:275:96:275:109:275:109:275:Infinity":38,"b:275:126:275:136:275:136:275:Infinity":39,"b:277:16:292:Infinity:undefined:undefined:undefined:undefined":40,"s:277:16:292:Infinity":115,"s:278:20:278:Infinity":116,"s:279:20:279:Infinity":117,"s:280:20:280:Infinity":118,"s:281:20:281:Infinity":119,"s:284:20:284:Infinity":120,"b:286:20:288:Infinity:undefined:undefined:undefined:undefined":41,"s:286:20:288:Infinity":121,"s:287:24:287:Infinity":122,"s:290:20:290:Infinity":123,"s:291:20:291:Infinity":124,"b:295:16:295:Infinity:undefined:undefined:undefined:undefined":42,"s:295:16:295:Infinity":125,"b:295:20:295:55:295:55:295:85":43,"s:295:85:295:Infinity":126,"s:300:27:300:Infinity":127,"s:303:12:318:Infinity":128,"b:304:16:317:Infinity:undefined:undefined:undefined:undefined":44,"s:304:16:317:Infinity":129,"s:305:20:305:Infinity":130,"s:306:20:306:Infinity":131,"s:309:20:309:Infinity":132,"b:311:20:313:Infinity:undefined:undefined:undefined:undefined":45,"s:311:20:313:Infinity":133,"s:312:24:312:Infinity":134,"s:315:20:315:Infinity":135,"s:316:20:316:Infinity":136,"b:321:12:360:Infinity:undefined:undefined:undefined:undefined":46,"s:321:12:360:Infinity":137,"s:322:34:322:Infinity":138,"s:323:35:323:Infinity":139,"s:324:34:324:Infinity":140,"s:326:16:359:Infinity":141,"s:326:29:326:41":142,"s:327:20:357:Infinity":143,"s:327:37:327:40":144,"s:328:35:328:Infinity":145,"s:329:35:329:Infinity":146,"s:330:35:330:Infinity":147,"s:331:35:331:Infinity":148,"s:333:73:333:Infinity":149,"b:333:90:333:100:333:100:333:Infinity":47,"s:334:46:334:Infinity":150,"s:335:46:335:Infinity":151,"b:337:24:337:Infinity:undefined:undefined:undefined:undefined":48,"s:337:24:337:Infinity":152,"s:337:119:337:Infinity":153,"b:339:24:356:Infinity:undefined:undefined:undefined:undefined":49,"s:339:24:356:Infinity":154,"s:340:28:340:Infinity":155,"s:341:28:341:Infinity":156,"s:342:28:342:Infinity":157,"s:343:28:343:Infinity":158,"s:345:28:350:Infinity":159,"s:353:28:353:Infinity":160,"s:354:28:354:Infinity":161,"s:355:28:355:Infinity":162,"b:358:20:358:Infinity:undefined:undefined:undefined:undefined":50,"s:358:20:358:Infinity":163,"s:358:34:358:Infinity":164,"s:363:8:363:Infinity":165,"s:364:8:364:Infinity":166,"f:367:11:367:48":11,"s:368:8:368:Infinity":167,"f:371:12:371:30":12,"s:372:8:372:Infinity":168,"b:372:16:372:31:372:31:372:47:372:47:372:62:372:62:372:Infinity":51,"f:375:12:375:24":13,"b:379:8:379:Infinity:undefined:undefined:undefined:undefined":52,"s:379:8:379:Infinity":169,"s:379:35:379:Infinity":170,"b:382:8:382:Infinity:undefined:undefined:undefined:undefined":53,"s:382:8:382:Infinity":171,"s:382:34:382:Infinity":172,"b:385:8:389:Infinity:undefined:undefined:undefined:undefined":54,"s:385:8:389:Infinity":173,"b:386:12:386:Infinity:undefined:undefined:undefined:undefined":55,"s:386:12:386:Infinity":174,"s:386:35:386:Infinity":175,"b:387:12:387:Infinity:undefined:undefined:undefined:undefined":56,"s:387:12:387:Infinity":176,"s:387:35:387:Infinity":177,"s:388:12:388:Infinity":178,"s:393:27:393:Infinity":179,"s:394:21:394:Infinity":180,"b:394:32:394:42:394:42:394:45":57,"s:395:31:395:Infinity":181,"b:395:48:395:52:395:52:395:Infinity":58,"s:398:32:398:Infinity":182,"b:398:46:398:57:398:57:398:62":59,"s:399:8:399:Infinity":183,"f:402:12:402:Infinity":14,"s:413:23:413:Infinity":184,"s:414:23:414:Infinity":185,"s:415:29:415:Infinity":186,"s:417:17:417:Infinity":187,"s:418:17:418:Infinity":188,"b:421:8:421:Infinity:undefined:undefined:undefined:undefined":60,"s:421:8:421:Infinity":189,"s:421:22:421:Infinity":190,"b:422:8:422:Infinity:undefined:undefined:undefined:undefined":61,"s:422:8:422:Infinity":191,"s:422:22:422:Infinity":192,"b:425:8:427:Infinity:undefined:undefined:undefined:undefined":62,"s:425:8:427:Infinity":193,"s:426:12:426:Infinity":194,"s:429:57:429:Infinity":195,"b:429:88:429:101:429:101:429:Infinity":63,"b:429:118:429:128:429:128:429:Infinity":64,"b:430:8:435:Infinity:undefined:undefined:undefined:undefined":65,"s:430:8:435:Infinity":196,"s:431:12:431:Infinity":197,"s:432:12:432:Infinity":198,"s:433:12:433:Infinity":199,"s:434:12:434:Infinity":200,"s:436:8:436:Infinity":201,"f:439:12:439:36":15,"s:440:21:440:Infinity":202,"s:441:27:441:Infinity":203,"b:443:8:447:Infinity:undefined:undefined:undefined:undefined":66,"s:443:8:447:Infinity":204,"s:446:12:446:Infinity":205,"s:449:20:449:Infinity":206,"s:450:8:450:Infinity":207,"s:451:8:451:Infinity":208,"s:452:8:452:Infinity":209,"f:455:12:455:Infinity":16,"b:462:8:462:Infinity:undefined:undefined:undefined:undefined":67,"s:462:8:462:Infinity":210,"s:462:39:462:Infinity":211,"s:464:86:473:Infinity":212,"s:475:22:475:Infinity":213,"s:476:22:476:Infinity":214,"s:479:26:479:Infinity":215,"b:479:86:479:90:479:90:479:Infinity":68,"b:479:26:479:54:479:54:479:86":69,"s:480:29:480:Infinity":216,"s:482:8:519:Infinity":217,"s:483:21:483:Infinity":218,"s:484:21:484:Infinity":219,"b:486:12:486:Infinity:undefined:undefined:undefined:undefined":70,"s:486:12:486:Infinity":220,"s:486:33:486:Infinity":221,"b:487:12:487:Infinity:undefined:undefined:undefined:undefined":71,"s:487:12:487:Infinity":222,"s:487:33:487:Infinity":223,"b:489:12:489:Infinity:undefined:undefined:undefined:undefined":72,"s:489:12:489:Infinity":224,"s:489:70:489:Infinity":225,"s:491:36:496:Infinity":226,"s:498:31:498:Infinity":227,"s:501:30:501:Infinity":228,"f:501:46:501:55":17,"s:501:55:501:85":229,"b:503:12:518:Infinity:undefined:undefined:undefined:undefined":73,"s:503:12:518:Infinity":230,"s:504:16:504:Infinity":231,"s:505:16:509:Infinity":232,"s:512:30:512:Infinity":233,"b:513:16:515:Infinity:undefined:undefined:undefined:undefined":74,"s:513:16:515:Infinity":234,"s:514:20:514:Infinity":235,"s:517:16:517:Infinity":236,"s:520:8:520:Infinity":237}}}
,"C:\\Users\\aurel\\Projects\\phileasgo\\internal\\ui\\web\\src\\metrics\\text.ts": {"path":"C:\\Users\\aurel\\Projects\\phileasgo\\internal\\ui\\web\\src\\metrics\\text.ts","statementMap":{"0":{"start":{"line":1,"column":18},"end":{"line":1,"column":null}},"1":{"start":{"line":8,"column":21},"end":{"line":8,"column":null}},"2":{"start":{"line":9,"column":4},"end":{"line":11,"column":null}},"3":{"start":{"line":10,"column":8},"end":{"line":10,"column":null}},"4":{"start":{"line":13,"column":18},"end":{"line":13,"column":null}},"5":{"start":{"line":14,"column":4},"end":{"line":14,"column":null}},"6":{"start":{"line":15,"column":4},"end":{"line":15,"column":null}},"7":{"start":{"line":16,"column":4},"end":{"line":16,"column":null}},"8":{"start":{"line":17,"column":4},"end":{"line":17,"column":null}},"9":{"start":{"line":18,"column":4},"end":{"line":18,"column":null}},"10":{"start":{"line":20,"column":18},"end":{"line":20,"column":null}},"11":{"start":{"line":21,"column":17},"end":{"line":21,"column":null}},"12":{"start":{"line":22,"column":22},"end":{"line":22,"column":null}},"13":{"start":{"line":23,"column":26},"end":{"line":23,"column":null}},"14":{"start":{"line":25,"column":4},"end":{"line":25,"column":null}},"15":{"start":{"line":26,"column":19},"end":{"line":26,"column":null}},"16":{"start":{"line":27,"column":4},"end":{"line":27,"column":null}},"17":{"start":{"line":28,"column":4},"end":{"line":28,"column":null}},"18":{"start":{"line":31,"column":39},"end":{"line":31,"column":null}},"19":{"start":{"line":32,"column":47},"end":{"line":32,"column":null}},"20":{"start":{"line":35,"column":4},"end":{"line":38,"column":null}},"21":{"start":{"line":36,"column":8},"end":{"line":36,"column":null}},"22":{"start":{"line":37,"column":8},"end":{"line":37,"column":null}},"23":{"start":{"line":39,"column":4},"end":{"line":39,"column":null}},"24":{"start":{"line":42,"column":25},"end":{"line":42,"column":null}},"25":{"start":{"line":49,"column":16},"end":{"line":49,"column":null}},"26":{"start":{"line":50,"column":4},"end":{"line":52,"column":null}},"27":{"start":{"line":51,"column":8},"end":{"line":51,"column":null}},"28":{"start":{"line":54,"column":16},"end":{"line":54,"column":null}},"29":{"start":{"line":55,"column":4},"end":{"line":57,"column":null}},"30":{"start":{"line":56,"column":8},"end":{"line":56,"column":null}},"31":{"start":{"line":59,"column":4},"end":{"line":59,"column":null}},"32":{"start":{"line":60,"column":20},"end":{"line":60,"column":null}},"33":{"start":{"line":64,"column":20},"end":{"line":64,"column":null}},"34":{"start":{"line":66,"column":18},"end":{"line":66,"column":null}},"35":{"start":{"line":68,"column":19},"end":{"line":68,"column":null}},"36":{"start":{"line":69,"column":4},"end":{"line":69,"column":null}},"37":{"start":{"line":70,"column":4},"end":{"line":70,"column":null}},"38":{"start":{"line":74,"column":4},"end":{"line":74,"column":null}},"39":{"start":{"line":78,"column":4},"end":{"line":78,"column":null}},"40":{"start":{"line":79,"column":4},"end":{"line":79,"column":null}},"41":{"start":{"line":80,"column":4},"end":{"line":80,"column":null}}},"fnMap":{"0":{"name":"getFontFromClass","decl":{"start":{"line":7,"column":16},"end":{"line":7,"column":33}},"loc":{"start":{"line":7,"column":113},"end":{"line":29,"column":null}},"line":7},"1":{"name":"ensureContext","decl":{"start":{"line":34,"column":9},"end":{"line":34,"column":25}},"loc":{"start":{"line":34,"column":25},"end":{"line":40,"column":null}},"line":34},"2":{"name":"measureText","decl":{"start":{"line":48,"column":16},"end":{"line":48,"column":28}},"loc":{"start":{"line":48,"column":118},"end":{"line":71,"column":null}},"line":48},"3":{"name":"clearMeasurementCache","decl":{"start":{"line":73,"column":16},"end":{"line":73,"column":40}},"loc":{"start":{"line":73,"column":40},"end":{"line":75,"column":null}},"line":73},"4":{"name":"__resetForTests","decl":{"start":{"line":77,"column":16},"end":{"line":77,"column":34}},"loc":{"start":{"line":77,"column":34},"end":{"line":81,"column":null}},"line":77}},"branchMap":{"0":{"loc":{"start":{"line":9,"column":4},"end":{"line":11,"column":null}},"type":"if","locations":[{"start":{"line":9,"column":4},"end":{"line":11,"column":null}},{"start":{},"end":{}}],"line":9},"1":{"loc":{"start":{"line":23,"column":26},"end":{"line":23,"column":null}},"type":"binary-expr","locations":[{"start":{"line":23,"column":26},"end":{"line":23,"column":61}},{"start":{"line":23,"column":61},"end":{"line":23,"column":null}}],"line":23},"2":{"loc":{"start":{"line":35,"column":4},"end":{"line":38,"column":null}},"type":"if","locations":[{"start":{"line":35,"column":4},"end":{"line":38,"column":null}},{"start":{},"end":{}}],"line":35},"3":{"loc":{"start":{"line":48,"column":56},"end":{"line":48,"column":118}},"type":"default-arg","locations":[{"start":{"line":48,"column":80},"end":{"line":48,"column":118}}],"line":48},"4":{"loc":{"start":{"line":50,"column":4},"end":{"line":52,"column":null}},"type":"if","locations":[{"start":{"line":50,"column":4},"end":{"line":52,"column":null}},{"start":{},"end":{}}],"line":50},"5":{"loc":{"start":{"line":55,"column":4},"end":{"line":57,"column":null}},"type":"if","locations":[{"start":{"line":55,"column":4},"end":{"line":57,"column":null}},{"start":{},"end":{}}],"line":55},"6":{"loc":{"start":{"line":64,"column":20},"end":{"line":64,"column":null}},"type":"binary-expr","locations":[{"start":{"line":64,"column":20},"end":{"line":64,"column":91}},{"start":{"line":64,"column":91},"end":{"line":64,"column":null}}],"line":64}},"s":{"0":1,"1":2,"2":2,"3":0,"4":2,"5":2,"6":2,"7":2,"8":2,"9":2,"10":2,"11":2,"12":2,"13":2,"14":2,"15":2,"16":2,"17":2,"18":1,"19":1,"20":3,"21":3,"22":3,"23":3,"24":1,"25":4,"26":4,"27":1,"28":3,"29":3,"30":1,"31":2,"32":2,"33":2,"34":4,"35":4,"36":4,"37":4,"38":0,"39":5,"40":5,"41":5},"f":{"0":2,"1":3,"2":4,"3":0,"4":5},"b":{"0":[0,2],"1":[2,1],"2":[3,0],"3":[4],"4":[1,3],"5":[1,2],"6":[2,0]},"meta":{"lastBranch":7,"lastFunction":5,"lastStatement":42,"seen":{"s:1:18:1:Infinity":0,"f:7:16:7:33":0,"s:8:21:8:Infinity":1,"b:9:4:11:Infinity:undefined:undefined:undefined:undefined":0,"s:9:4:11:Infinity":2,"s:10:8:10:Infinity":3,"s:13:18:13:Infinity":4,"s:14:4:14:Infinity":5,"s:15:4:15:Infinity":6,"s:16:4:16:Infinity":7,"s:17:4:17:Infinity":8,"s:18:4:18:Infinity":9,"s:20:18:20:Infinity":10,"s:21:17:21:Infinity":11,"s:22:22:22:Infinity":12,"s:23:26:23:Infinity":13,"b:23:26:23:61:23:61:23:Infinity":1,"s:25:4:25:Infinity":14,"s:26:19:26:Infinity":15,"s:27:4:27:Infinity":16,"s:28:4:28:Infinity":17,"s:31:39:31:Infinity":18,"s:32:47:32:Infinity":19,"f:34:9:34:25":1,"b:35:4:38:Infinity:undefined:undefined:undefined:undefined":2,"s:35:4:38:Infinity":20,"s:36:8:36:Infinity":21,"s:37:8:37:Infinity":22,"s:39:4:39:Infinity":23,"s:42:25:42:Infinity":24,"f:48:16:48:28":2,"b:48:80:48:118":3,"s:49:16:49:Infinity":25,"b:50:4:52:Infinity:undefined:undefined:undefined:undefined":4,"s:50:4:52:Infinity":26,"s:51:8:51:Infinity":27,"s:54:16:54:Infinity":28,"b:55:4:57:Infinity:undefined:undefined:undefined:undefined":5,"s:55:4:57:Infinity":29,"s:56:8:56:Infinity":30,"s:59:4:59:Infinity":31,"s:60:20:60:Infinity":32,"s:64:20:64:Infinity":33,"b:64:20:64:91:64:91:64:Infinity":6,"s:66:18:66:Infinity":34,"s:68:19:68:Infinity":35,"s:69:4:69:Infinity":36,"s:70:4:70:Infinity":37,"f:73:16:73:40":3,"s:74:4:74:Infinity":38,"f:77:16:77:34":4,"s:78:4:78:Infinity":39,"s:79:4:79:Infinity":40,"s:80:4:80:Infinity":41}}}
,"C:\\Users\\aurel\\Projects\\phileasgo\\internal\\ui\\web\\src\\utils\\poiUtils.ts": {"path":"C:\\Users\\aurel\\Projects\\phileasgo\\internal\\ui\\web\\src\\utils\\poiUtils.ts","statementMap":{"0":{"start":{"line":3,"column":28},"end":{"line":15,"column":null}},"1":{"start":{"line":5,"column":4},"end":{"line":7,"column":null}},"2":{"start":{"line":6,"column":8},"end":{"line":6,"column":null}},"3":{"start":{"line":10,"column":4},"end":{"line":12,"column":null}},"4":{"start":{"line":11,"column":8},"end":{"line":11,"column":null}},"5":{"start":{"line":14,"column":4},"end":{"line":14,"column":null}},"6":{"start":{"line":17,"column":33},"end":{"line":21,"column":null}},"7":{"start":{"line":18,"column":4},"end":{"line":18,"column":null}},"8":{"start":{"line":18,"column":23},"end":{"line":18,"column":null}},"9":{"start":{"line":19,"column":4},"end":{"line":19,"column":null}},"10":{"start":{"line":19,"column":21},"end":{"line":19,"column":null}},"11":{"start":{"line":20,"column":4},"end":{"line":20,"column":null}}},"fnMap":{"0":{"name":"(anonymous_0)","decl":{"start":{"line":3,"column":28},"end":{"line":3,"column":29}},"loc":{"start":{"line":3,"column":69},"end":{"line":15,"column":null}},"line":3},"1":{"name":"(anonymous_1)","decl":{"start":{"line":17,"column":33},"end":{"line":17,"column":34}},"loc":{"start":{"line":17,"column":113},"end":{"line":21,"column":null}},"line":17}},"branchMap":{"0":{"loc":{"start":{"line":5,"column":4},"end":{"line":7,"column":null}},"type":"if","locations":[{"start":{"line":5,"column":4},"end":{"line":7,"column":null}},{"start":{},"end":{}}],"line":5},"1":{"loc":{"start":{"line":10,"column":4},"end":{"line":12,"column":null}},"type":"if","locations":[{"start":{"line":10,"column":4},"end":{"line":12,"column":null}},{"start":{},"end":{}}],"line":10},"2":{"loc":{"start":{"line":10,"column":8},"end":{"line":10,"column":71}},"type":"binary-expr","locations":[{"start":{"line":10,"column":8},"end":{"line":10,"column":27}},{"start":{"line":10,"column":27},"end":{"line":10,"column":71}}],"line":10},"3":{"loc":{"start":{"line":18,"column":4},"end":{"line":18,"column":null}},"type":"if","locations":[{"start":{"line":18,"column":4},"end":{"line":18,"column":null}},{"start":{},"end":{}}],"line":18},"4":{"loc":{"start":{"line":19,"column":4},"end":{"line":19,"column":null}},"type":"if","locations":[{"start":{"line":19,"column":4},"end":{"line":19,"column":null}},{"start":{},"end":{}}],"line":19},"5":{"loc":{"start":{"line":20,"column":11},"end":{"line":20,"column":null}},"type":"binary-expr","locations":[{"start":{"line":20,"column":11},"end":{"line":20,"column":29}},{"start":{"line":20,"column":29},"end":{"line":20,"column":null}}],"line":20}},"s":{"0":1,"1":4,"2":1,"3":3,"4":1,"5":2,"6":1,"7":4,"8":1,"9":3,"10":1,"11":2},"f":{"0":4,"1":4},"b":{"0":[1,3],"1":[1,2],"2":[3,3],"3":[1,3],"4":[1,2],"5":[2,1]},"meta":{"lastBranch":6,"lastFunction":2,"lastStatement":12,"seen":{"s:3:28:15:Infinity":0,"f:3:28:3:29":0,"b:5:4:7:Infinity:undefined:undefined:undefined:undefined":0,"s:5:4:7:Infinity":1,"s:6:8:6:Infinity":2,"b:10:4:12:Infinity:undefined:undefined:undefined:undefined":1,"s:10:4:12:Infinity":3,"b:10:8:10:27:10:27:10:71":2,"s:11:8:11:Infinity":4,"s:14:4:14:Infinity":5,"s:17:33:21:Infinity":6,"f:17:33:17:34":1,"b:18:4:18:Infinity:undefined:undefined:undefined:undefined":3,"s:18:4:18:Infinity":7,"s:18:23:18:Infinity":8,"b:19:4:19:Infinity:undefined:undefined:undefined:undefined":4,"s:19:4:19:Infinity":9,"s:19:21:19:Infinity":10,"s:20:4:20:Infinity":11,"b:20:11:20:29:20:29:20:Infinity":5}}}
,"C:\\Users\\aurel\\Projects\\phileasgo\\internal\\ui\\web\\src\\utils\\replay.ts": {"path":"C:\\Users\\aurel\\Projects\\phileasgo\\internal\\ui\\web\\src\\utils\\replay.ts","statementMap":{"0":{"start":{"line":5,"column":32},"end":{"line":13,"column":null}},"1":{"start":{"line":6,"column":10},"end":{"line":6,"column":null}},"2":{"start":{"line":7,"column":17},"end":{"line":7,"column":null}},"3":{"start":{"line":8,"column":17},"end":{"line":8,"column":null}},"4":{"start":{"line":9,"column":14},"end":{"line":9,"column":null}},"5":{"start":{"line":10,"column":14},"end":{"line":10,"column":null}},"6":{"start":{"line":11,"column":20},"end":{"line":11,"column":null}},"7":{"start":{"line":12,"column":4},"end":{"line":12,"column":null}},"8":{"start":{"line":24,"column":35},"end":{"line":66,"column":null}},"9":{"start":{"line":28,"column":4},"end":{"line":30,"column":null}},"10":{"start":{"line":29,"column":8},"end":{"line":29,"column":null}},"11":{"start":{"line":33,"column":20},"end":{"line":33,"column":null}},"12":{"start":{"line":34,"column":35},"end":{"line":34,"column":null}},"13":{"start":{"line":35,"column":4},"end":{"line":42,"column":null}},"14":{"start":{"line":35,"column":17},"end":{"line":35,"column":20}},"15":{"start":{"line":36,"column":18},"end":{"line":39,"column":null}},"16":{"start":{"line":40,"column":8},"end":{"line":40,"column":null}},"17":{"start":{"line":41,"column":8},"end":{"line":41,"column":null}},"18":{"start":{"line":44,"column":23},"end":{"line":44,"column":null}},"19":{"start":{"line":45,"column":22},"end":{"line":45,"column":null}},"20":{"start":{"line":47,"column":4},"end":{"line":57,"column":null}},"21":{"start":{"line":47,"column":17},"end":{"line":47,"column":20}},"22":{"start":{"line":48,"column":8},"end":{"line":55,"column":null}},"23":{"start":{"line":49,"column":30},"end":{"line":49,"column":null}},"24":{"start":{"line":50,"column":26},"end":{"line":50,"column":null}},"25":{"start":{"line":51,"column":24},"end":{"line":51,"column":null}},"26":{"start":{"line":52,"column":24},"end":{"line":52,"column":null}},"27":{"start":{"line":53,"column":28},"end":{"line":53,"column":null}},"28":{"start":{"line":54,"column":12},"end":{"line":54,"column":null}},"29":{"start":{"line":56,"column":8},"end":{"line":56,"column":null}},"30":{"start":{"line":60,"column":20},"end":{"line":60,"column":null}},"31":{"start":{"line":61,"column":4},"end":{"line":65,"column":null}},"32":{"start":{"line":72,"column":45},"end":{"line":108,"column":null}},"33":{"start":{"line":76,"column":4},"end":{"line":78,"column":null}},"34":{"start":{"line":77,"column":8},"end":{"line":77,"column":null}},"35":{"start":{"line":79,"column":4},"end":{"line":81,"column":null}},"36":{"start":{"line":80,"column":8},"end":{"line":80,"column":null}},"37":{"start":{"line":83,"column":22},"end":{"line":83,"column":null}},"38":{"start":{"line":84,"column":21},"end":{"line":84,"column":null}},"39":{"start":{"line":85,"column":22},"end":{"line":85,"column":null}},"40":{"start":{"line":86,"column":23},"end":{"line":86,"column":null}},"41":{"start":{"line":88,"column":4},"end":{"line":99,"column":null}},"42":{"start":{"line":88,"column":17},"end":{"line":88,"column":20}},"43":{"start":{"line":89,"column":19},"end":{"line":89,"column":null}},"44":{"start":{"line":90,"column":19},"end":{"line":90,"column":null}},"45":{"start":{"line":92,"column":8},"end":{"line":98,"column":null}},"46":{"start":{"line":93,"column":27},"end":{"line":93,"column":null}},"47":{"start":{"line":94,"column":24},"end":{"line":94,"column":null}},"48":{"start":{"line":95,"column":24},"end":{"line":95,"column":null}},"49":{"start":{"line":96,"column":28},"end":{"line":96,"column":null}},"50":{"start":{"line":97,"column":12},"end":{"line":97,"column":null}},"51":{"start":{"line":101,"column":20},"end":{"line":101,"column":null}},"52":{"start":{"line":102,"column":4},"end":{"line":107,"column":null}},"53":{"start":{"line":110,"column":33},"end":{"line":110,"column":null}},"54":{"start":{"line":110,"column":60},"end":{"line":110,"column":null}},"55":{"start":{"line":112,"column":37},"end":{"line":135,"column":null}},"56":{"start":{"line":114,"column":17},"end":{"line":114,"column":null}},"57":{"start":{"line":115,"column":24},"end":{"line":115,"column":null}},"58":{"start":{"line":116,"column":22},"end":{"line":116,"column":null}},"59":{"start":{"line":117,"column":4},"end":{"line":117,"column":null}},"60":{"start":{"line":117,"column":20},"end":{"line":117,"column":null}},"61":{"start":{"line":119,"column":16},"end":{"line":119,"column":null}},"62":{"start":{"line":120,"column":16},"end":{"line":120,"column":null}},"63":{"start":{"line":121,"column":22},"end":{"line":121,"column":null}},"64":{"start":{"line":124,"column":4},"end":{"line":128,"column":null}},"65":{"start":{"line":125,"column":21},"end":{"line":125,"column":null}},"66":{"start":{"line":126,"column":21},"end":{"line":126,"column":null}},"67":{"start":{"line":127,"column":8},"end":{"line":127,"column":null}},"68":{"start":{"line":127,"column":50},"end":{"line":127,"column":null}},"69":{"start":{"line":129,"column":4},"end":{"line":133,"column":null}},"70":{"start":{"line":130,"column":21},"end":{"line":130,"column":null}},"71":{"start":{"line":131,"column":21},"end":{"line":131,"column":null}},"72":{"start":{"line":132,"column":8},"end":{"line":132,"column":null}},"73":{"start":{"line":132,"column":50},"end":{"line":132,"column":null}},"74":{"start":{"line":134,"column":4},"end":{"line":134,"column":null}},"75":{"start":{"line":141,"column":40},"end":{"line":151,"column":null}},"76":{"start":{"line":142,"column":4},"end":{"line":142,"column":null}},"77":{"start":{"line":142,"column":27},"end":{"line":142,"column":null}},"78":{"start":{"line":144,"column":23},"end":{"line":144,"column":null}},"79":{"start":{"line":144,"column":45},"end":{"line":144,"column":117}},"80":{"start":{"line":145,"column":22},"end":{"line":145,"column":null}},"81":{"start":{"line":145,"column":62},"end":{"line":145,"column":132}},"82":{"start":{"line":147,"column":21},"end":{"line":147,"column":null}},"83":{"start":{"line":148,"column":19},"end":{"line":148,"column":null}},"84":{"start":{"line":150,"column":4},"end":{"line":150,"column":null}}},"fnMap":{"0":{"name":"(anonymous_0)","decl":{"start":{"line":5,"column":32},"end":{"line":5,"column":33}},"loc":{"start":{"line":5,"column":90},"end":{"line":13,"column":null}},"line":5},"1":{"name":"(anonymous_1)","decl":{"start":{"line":24,"column":35},"end":{"line":24,"column":null}},"loc":{"start":{"line":27,"column":76},"end":{"line":66,"column":null}},"line":27},"2":{"name":"(anonymous_2)","decl":{"start":{"line":72,"column":45},"end":{"line":72,"column":null}},"loc":{"start":{"line":75,"column":97},"end":{"line":108,"column":null}},"line":75},"3":{"name":"(anonymous_3)","decl":{"start":{"line":110,"column":33},"end":{"line":110,"column":34}},"loc":{"start":{"line":110,"column":60},"end":{"line":110,"column":null}},"line":110},"4":{"name":"(anonymous_4)","decl":{"start":{"line":112,"column":37},"end":{"line":112,"column":38}},"loc":{"start":{"line":112,"column":140},"end":{"line":135,"column":null}},"line":112},"5":{"name":"(anonymous_5)","decl":{"start":{"line":141,"column":40},"end":{"line":141,"column":41}},"loc":{"start":{"line":141,"column":78},"end":{"line":151,"column":null}},"line":141},"6":{"name":"(anonymous_6)","decl":{"start":{"line":144,"column":40},"end":{"line":144,"column":45}},"loc":{"start":{"line":144,"column":45},"end":{"line":144,"column":117}},"line":144},"7":{"name":"(anonymous_7)","decl":{"start":{"line":145,"column":57},"end":{"line":145,"column":62}},"loc":{"start":{"line":145,"column":62},"end":{"line":145,"column":132}},"line":145}},"branchMap":{"0":{"loc":{"start":{"line":28,"column":4},"end":{"line":30,"column":null}},"type":"if","locations":[{"start":{"line":28,"column":4},"end":{"line":30,"column":null}},{"start":{},"end":{}}],"line":28},"1":{"loc":{"start":{"line":29,"column":27},"end":{"line":29,"column":48}},"type":"binary-expr","locations":[{"start":{"line":29,"column":27},"end":{"line":29,"column":40}},{"start":{"line":29,"column":40},"end":{"line":29,"column":48}}],"line":29},"2":{"loc":{"start":{"line":48,"column":8},"end":{"line":55,"column":null}},"type":"if","locations":[{"start":{"line":48,"column":8},"end":{"line":55,"column":null}},{"start":{},"end":{}}],"line":48},"3":{"loc":{"start":{"line":76,"column":4},"end":{"line":78,"column":null}},"type":"if","locations":[{"start":{"line":76,"column":4},"end":{"line":78,"column":null}},{"start":{},"end":{}}],"line":76},"4":{"loc":{"start":{"line":79,"column":4},"end":{"line":81,"column":null}},"type":"if","locations":[{"start":{"line":79,"column":4},"end":{"line":81,"column":null}},{"start":{},"end":{}}],"line":79},"5":{"loc":{"start":{"line":92,"column":8},"end":{"line":98,"column":null}},"type":"if","locations":[{"start":{"line":92,"column":8},"end":{"line":98,"column":null}},{"start":{},"end":{}}],"line":92},"6":{"loc":{"start":{"line":93,"column":27},"end":{"line":93,"column":null}},"type":"cond-expr","locations":[{"start":{"line":93,"column":40},"end":{"line":93,"column":45}},{"start":{"line":93,"column":40},"end":{"line":93,"column":null}}],"line":93},"7":{"loc":{"start":{"line":110,"column":60},"end":{"line":110,"column":null}},"type":"binary-expr","locations":[{"start":{"line":110,"column":60},"end":{"line":110,"column":85}},{"start":{"line":110,"column":85},"end":{"line":110,"column":null}}],"line":110},"8":{"loc":{"start":{"line":114,"column":17},"end":{"line":114,"column":null}},"type":"binary-expr","locations":[{"start":{"line":114,"column":17},"end":{"line":114,"column":54}},{"start":{"line":114,"column":54},"end":{"line":114,"column":null}}],"line":114},"9":{"loc":{"start":{"line":115,"column":24},"end":{"line":115,"column":null}},"type":"binary-expr","locations":[{"start":{"line":115,"column":24},"end":{"line":115,"column":69}},{"start":{"line":115,"column":69},"end":{"line":115,"column":null}}],"line":115},"10":{"loc":{"start":{"line":116,"column":22},"end":{"line":116,"column":null}},"type":"binary-expr","locations":[{"start":{"line":116,"column":22},"end":{"line":116,"column":45}},{"start":{"line":116,"column":45},"end":{"line":116,"column":null}}],"line":116},"11":{"loc":{"start":{"line":117,"column":4},"end":{"line":117,"column":null}},"type":"if","locations":[{"start":{"line":117,"column":4},"end":{"line":117,"column":null}},{"start":{},"end":{}}],"line":117},"12":{"loc":{"start":{"line":119,"column":16},"end":{"line":119,"column":null}},"type":"cond-expr","locations":[{"start":{"line":119,"column":40},"end":{"line":119,"column":75}},{"start":{"line":119,"column":75},"end":{"line":119,"column":null}}],"line":119},"13":{"loc":{"start":{"line":120,"column":16},"end":{"line":120,"column":null}},"type":"cond-expr","locations":[{"start":{"line":120,"column":40},"end":{"line":120,"column":75}},{"start":{"line":120,"column":75},"end":{"line":120,"column":null}}],"line":120},"14":{"loc":{"start":{"line":124,"column":4},"end":{"line":128,"column":null}},"type":"if","locations":[{"start":{"line":124,"column":4},"end":{"line":128,"column":null}},{"start":{},"end":{}}],"line":124},"15":{"loc":{"start":{"line":127,"column":8},"end":{"line":127,"column":null}},"type":"if","locations":[{"start":{"line":127,"column":8},"end":{"line":127,"column":null}},{"start":{},"end":{}}],"line":127},"16":{"loc":{"start":{"line":127,"column":12},"end":{"line":127,"column":50}},"type":"binary-expr","locations":[{"start":{"line":127,"column":12},"end":{"line":127,"column":32}},{"start":{"line":127,"column":32},"end":{"line":127,"column":50}}],"line":127},"17":{"loc":{"start":{"line":129,"column":4},"end":{"line":133,"column":null}},"type":"if","locations":[{"start":{"line":129,"column":4},"end":{"line":133,"column":null}},{"start":{},"end":{}}],"line":129},"18":{"loc":{"start":{"line":132,"column":8},"end":{"line":132,"column":null}},"type":"if","locations":[{"start":{"line":132,"column":8},"end":{"line":132,"column":null}},{"start":{},"end":{}}],"line":132},"19":{"loc":{"start":{"line":132,"column":12},"end":{"line":132,"column":50}},"type":"binary-expr","locations":[{"start":{"line":132,"column":12},"end":{"line":132,"column":32}},{"start":{"line":132,"column":32},"end":{"line":132,"column":50}}],"line":132},"20":{"loc":{"start":{"line":142,"column":4},"end":{"line":142,"column":null}},"type":"if","locations":[{"start":{"line":142,"column":4},"end":{"line":142,"column":null}},{"start":{},"end":{}}],"line":142},"21":{"loc":{"start":{"line":144,"column":45},"end":{"line":144,"column":117}},"type":"binary-expr","locations":[{"start":{"line":144,"column":45},"end":{"line":144,"column":74}},{"start":{"line":144,"column":74},"end":{"line":144,"column":117}}],"line":144},"22":{"loc":{"start":{"line":145,"column":62},"end":{"line":145,"column":132}},"type":"binary-expr","locations":[{"start":{"line":145,"column":62},"end":{"line":145,"column":91}},{"start":{"line":145,"column":91},"end":{"line":145,"column":132}}],"line":145},"23":{"loc":{"start":{"line":147,"column":21},"end":{"line":147,"column":null}},"type":"cond-expr","locations":[{"start":{"line":147,"column":41},"end":{"line":147,"column":54}},{"start":{"line":147,"column":54},"end":{"line":147,"column":null}}],"line":147},"24":{"loc":{"start":{"line":148,"column":19},"end":{"line":148,"column":null}},"type":"cond-expr","locations":[{"start":{"line":148,"column":39},"end":{"line":148,"column":73}},{"start":{"line":148,"column":73},"end":{"line":148,"column":null}}],"line":148}},"s":{"0":1,"1":8,"2":8,"3":8,"4":8,"5":8,"6":8,"7":8,"8":1,"9":4,"10":1,"11":3,"12":3,"13":3,"14":3,"15":6,"16":6,"17":6,"18":3,"19":3,"20":3,"21":3,"22":4,"23":3,"24":3,"25":3,"26":3,"27":3,"28":3,"29":1,"30":0,"31":0,"32":1,"33":0,"34":0,"35":0,"36":0,"37":0,"38":0,"39":0,"40":0,"41":0,"42":0,"43":0,"44":0,"45":0,"46":0,"47":0,"48":0,"49":0,"50":0,"51":0,"52":0,"53":1,"54":4,"55":1,"56":4,"57":4,"58":4,"59":4,"60":1,"61":3,"62":4,"63":4,"64":4,"65":2,"66":2,"67":2,"68":1,"69":2,"70":2,"71":2,"72":2,"73":1,"74":1,"75":1,"76":0,"77":0,"78":0,"79":0,"80":0,"81":0,"82":0,"83":0,"84":0},"f":{"0":8,"1":4,"2":0,"3":4,"4":4,"5":0,"6":0,"7":0},"b":{"0":[1,3],"1":[1,0],"2":[3,1],"3":[0,0],"4":[0,0],"5":[0,0],"6":[0,0],"7":[4,3],"8":[4,0],"9":[4,1],"10":[4,1],"11":[1,3],"12":[0,3],"13":[0,3],"14":[2,2],"15":[1,1],"16":[2,1],"17":[2,0],"18":[1,1],"19":[2,1],"20":[0,0],"21":[0,0],"22":[0,0],"23":[0,0],"24":[0,0]},"meta":{"lastBranch":25,"lastFunction":8,"lastStatement":85,"seen":{"s:5:32:13:Infinity":0,"f:5:32:5:33":0,"s:6:10:6:Infinity":1,"s:7:17:7:Infinity":2,"s:8:17:8:Infinity":3,"s:9:14:9:Infinity":4,"s:10:14:10:Infinity":5,"s:11:20:11:Infinity":6,"s:12:4:12:Infinity":7,"s:24:35:66:Infinity":8,"f:24:35:24:Infinity":1,"b:28:4:30:Infinity:undefined:undefined:undefined:undefined":0,"s:28:4:30:Infinity":9,"s:29:8:29:Infinity":10,"b:29:27:29:40:29:40:29:48":1,"s:33:20:33:Infinity":11,"s:34:35:34:Infinity":12,"s:35:4:42:Infinity":13,"s:35:17:35:20":14,"s:36:18:39:Infinity":15,"s:40:8:40:Infinity":16,"s:41:8:41:Infinity":17,"s:44:23:44:Infinity":18,"s:45:22:45:Infinity":19,"s:47:4:57:Infinity":20,"s:47:17:47:20":21,"b:48:8:55:Infinity:undefined:undefined:undefined:undefined":2,"s:48:8:55:Infinity":22,"s:49:30:49:Infinity":23,"s:50:26:50:Infinity":24,"s:51:24:51:Infinity":25,"s:52:24:52:Infinity":26,"s:53:28:53:Infinity":27,"s:54:12:54:Infinity":28,"s:56:8:56:Infinity":29,"s:60:20:60:Infinity":30,"s:61:4:65:Infinity":31,"s:72:45:108:Infinity":32,"f:72:45:72:Infinity":2,"b:76:4:78:Infinity:undefined:undefined:undefined:undefined":3,"s:76:4:78:Infinity":33,"s:77:8:77:Infinity":34,"b:79:4:81:Infinity:undefined:undefined:undefined:undefined":4,"s:79:4:81:Infinity":35,"s:80:8:80:Infinity":36,"s:83:22:83:Infinity":37,"s:84:21:84:Infinity":38,"s:85:22:85:Infinity":39,"s:86:23:86:Infinity":40,"s:88:4:99:Infinity":41,"s:88:17:88:20":42,"s:89:19:89:Infinity":43,"s:90:19:90:Infinity":44,"b:92:8:98:Infinity:undefined:undefined:undefined:undefined":5,"s:92:8:98:Infinity":45,"s:93:27:93:Infinity":46,"b:93:40:93:45:93:40:93:Infinity":6,"s:94:24:94:Infinity":47,"s:95:24:95:Infinity":48,"s:96:28:96:Infinity":49,"s:97:12:97:Infinity":50,"s:101:20:101:Infinity":51,"s:102:4:107:Infinity":52,"s:110:33:110:Infinity":53,"f:110:33:110:34":3,"s:110:60:110:Infinity":54,"b:110:60:110:85:110:85:110:Infinity":7,"s:112:37:135:Infinity":55,"f:112:37:112:38":4,"s:114:17:114:Infinity":56,"b:114:17:114:54:114:54:114:Infinity":8,"s:115:24:115:Infinity":57,"b:115:24:115:69:115:69:115:Infinity":9,"s:116:22:116:Infinity":58,"b:116:22:116:45:116:45:116:Infinity":10,"b:117:4:117:Infinity:undefined:undefined:undefined:undefined":11,"s:117:4:117:Infinity":59,"s:117:20:117:Infinity":60,"s:119:16:119:Infinity":61,"b:119:40:119:75:119:75:119:Infinity":12,"s:120:16:120:Infinity":62,"b:120:40:120:75:120:75:120:Infinity":13,"s:121:22:121:Infinity":63,"b:124:4:128:Infinity:undefined:undefined:undefined:undefined":14,"s:124:4:128:Infinity":64,"s:125:21:125:Infinity":65,"s:126:21:126:Infinity":66,"b:127:8:127:Infinity:undefined:undefined:undefined:undefined":15,"s:127:8:127:Infinity":67,"b:127:12:127:32:127:32:127:50":16,"s:127:50:127:Infinity":68,"b:129:4:133:Infinity:undefined:undefined:undefined:undefined":17,"s:129:4:133:Infinity":69,"s:130:21:130:Infinity":70,"s:131:21:131:Infinity":71,"b:132:8:132:Infinity:undefined:undefined:undefined:undefined":18,"s:132:8:132:Infinity":72,"b:132:12:132:32:132:32:132:50":19,"s:132:50:132:Infinity":73,"s:134:4:134:Infinity":74,"s:141:40:151:Infinity":75,"f:141:40:141:41":5,"b:142:4:142:Infinity:undefined:undefined:undefined:undefined":20,"s:142:4:142:Infinity":76,"s:142:27:142:Infinity":77,"s:144:23:144:Infinity":78,"f:144:40:144:45":6,"s:144:45:144:117":79,"b:144:45:144:74:144:74:144:117":21,"s:145:22:145:Infinity":80,"f:145:57:145:62":7,"s:145:62:145:132":81,"b:145:62:145:91:145:91:145:132":22,"s:147:21:147:Infinity":82,"b:147:41:147:54:147:54:147:Infinity":23,"s:148:19:148:Infinity":83,"b:148:39:148:73:148:73:148:Infinity":24,"s:150:4:150:Infinity":84}}}
}
