{"C:\\Users\\aurel\\Projects\\phileasgo\\internal\\ui\\web\\src\\metrics\\PlacementEngine.ts": {"path":"C:\\Users\\aurel\\Projects\\phileasgo\\internal\\ui\\web\\src\\metrics\\PlacementEngine.ts","statementMap":{"0":{"start":{"line":58,"column":44},"end":{"line":58,"column":null}},"1":{"start":{"line":60,"column":38},"end":{"line":60,"column":null}},"2":{"start":{"line":61,"column":55},"end":{"line":61,"column":null}},"3":{"start":{"line":62,"column":37},"end":{"line":62,"column":null}},"4":{"start":{"line":63,"column":50},"end":{"line":63,"column":null}},"5":{"start":{"line":66,"column":8},"end":{"line":66,"column":null}},"6":{"start":{"line":71,"column":28},"end":{"line":71,"column":null}},"7":{"start":{"line":71,"column":54},"end":{"line":71,"column":75}},"8":{"start":{"line":72,"column":8},"end":{"line":80,"column":null}},"9":{"start":{"line":74,"column":29},"end":{"line":74,"column":null}},"10":{"start":{"line":75,"column":12},"end":{"line":78,"column":null}},"11":{"start":{"line":76,"column":16},"end":{"line":76,"column":null}},"12":{"start":{"line":79,"column":12},"end":{"line":79,"column":null}},"13":{"start":{"line":81,"column":8},"end":{"line":81,"column":null}},"14":{"start":{"line":85,"column":8},"end":{"line":85,"column":null}},"15":{"start":{"line":86,"column":8},"end":{"line":86,"column":null}},"16":{"start":{"line":87,"column":8},"end":{"line":87,"column":null}},"17":{"start":{"line":88,"column":8},"end":{"line":88,"column":null}},"18":{"start":{"line":93,"column":8},"end":{"line":93,"column":null}},"19":{"start":{"line":97,"column":8},"end":{"line":97,"column":null}},"20":{"start":{"line":107,"column":8},"end":{"line":115,"column":null}},"21":{"start":{"line":108,"column":23},"end":{"line":108,"column":null}},"22":{"start":{"line":109,"column":23},"end":{"line":109,"column":null}},"23":{"start":{"line":110,"column":12},"end":{"line":110,"column":null}},"24":{"start":{"line":110,"column":27},"end":{"line":110,"column":null}},"25":{"start":{"line":113,"column":12},"end":{"line":113,"column":null}},"26":{"start":{"line":113,"column":37},"end":{"line":113,"column":null}},"27":{"start":{"line":114,"column":12},"end":{"line":114,"column":null}},"28":{"start":{"line":117,"column":41},"end":{"line":117,"column":null}},"29":{"start":{"line":118,"column":29},"end":{"line":118,"column":null}},"30":{"start":{"line":119,"column":28},"end":{"line":119,"column":null}},"31":{"start":{"line":120,"column":30},"end":{"line":120,"column":null}},"32":{"start":{"line":127,"column":86},"end":{"line":136,"column":null}},"33":{"start":{"line":139,"column":51},"end":{"line":139,"column":null}},"34":{"start":{"line":140,"column":48},"end":{"line":140,"column":null}},"35":{"start":{"line":142,"column":8},"end":{"line":150,"column":null}},"36":{"start":{"line":145,"column":12},"end":{"line":149,"column":null}},"37":{"start":{"line":146,"column":16},"end":{"line":146,"column":null}},"38":{"start":{"line":148,"column":16},"end":{"line":148,"column":null}},"39":{"start":{"line":156,"column":8},"end":{"line":281,"column":null}},"40":{"start":{"line":158,"column":36},"end":{"line":158,"column":null}},"41":{"start":{"line":160,"column":24},"end":{"line":160,"column":null}},"42":{"start":{"line":161,"column":26},"end":{"line":161,"column":null}},"43":{"start":{"line":162,"column":12},"end":{"line":162,"column":null}},"44":{"start":{"line":163,"column":12},"end":{"line":163,"column":null}},"45":{"start":{"line":167,"column":30},"end":{"line":167,"column":null}},"46":{"start":{"line":168,"column":22},"end":{"line":168,"column":null}},"47":{"start":{"line":169,"column":28},"end":{"line":169,"column":null}},"48":{"start":{"line":170,"column":28},"end":{"line":170,"column":null}},"49":{"start":{"line":172,"column":21},"end":{"line":172,"column":null}},"50":{"start":{"line":173,"column":21},"end":{"line":173,"column":null}},"51":{"start":{"line":174,"column":49},"end":{"line":174,"column":null}},"52":{"start":{"line":177,"column":12},"end":{"line":190,"column":null}},"53":{"start":{"line":179,"column":12},"end":{"line":190,"column":null}},"54":{"start":{"line":180,"column":16},"end":{"line":180,"column":null}},"55":{"start":{"line":181,"column":16},"end":{"line":181,"column":null}},"56":{"start":{"line":183,"column":32},"end":{"line":183,"column":null}},"57":{"start":{"line":184,"column":37},"end":{"line":184,"column":null}},"58":{"start":{"line":185,"column":34},"end":{"line":185,"column":null}},"59":{"start":{"line":185,"column":52},"end":{"line":185,"column":75}},"60":{"start":{"line":186,"column":16},"end":{"line":189,"column":null}},"61":{"start":{"line":187,"column":20},"end":{"line":187,"column":null}},"62":{"start":{"line":187,"column":44},"end":{"line":187,"column":null}},"63":{"start":{"line":188,"column":20},"end":{"line":188,"column":null}},"64":{"start":{"line":188,"column":44},"end":{"line":188,"column":null}},"65":{"start":{"line":193,"column":12},"end":{"line":193,"column":null}},"66":{"start":{"line":194,"column":12},"end":{"line":194,"column":null}},"67":{"start":{"line":196,"column":12},"end":{"line":206,"column":null}},"68":{"start":{"line":198,"column":28},"end":{"line":202,"column":null}},"69":{"start":{"line":203,"column":16},"end":{"line":203,"column":null}},"70":{"start":{"line":203,"column":35},"end":{"line":203,"column":null}},"71":{"start":{"line":204,"column":16},"end":{"line":204,"column":null}},"72":{"start":{"line":205,"column":16},"end":{"line":205,"column":null}},"73":{"start":{"line":213,"column":21},"end":{"line":213,"column":null}},"74":{"start":{"line":214,"column":21},"end":{"line":214,"column":null}},"75":{"start":{"line":215,"column":12},"end":{"line":229,"column":null}},"76":{"start":{"line":217,"column":12},"end":{"line":229,"column":null}},"77":{"start":{"line":218,"column":16},"end":{"line":218,"column":null}},"78":{"start":{"line":219,"column":16},"end":{"line":219,"column":null}},"79":{"start":{"line":221,"column":41},"end":{"line":221,"column":null}},"80":{"start":{"line":222,"column":35},"end":{"line":222,"column":null}},"81":{"start":{"line":223,"column":35},"end":{"line":223,"column":null}},"82":{"start":{"line":224,"column":34},"end":{"line":224,"column":null}},"83":{"start":{"line":224,"column":52},"end":{"line":224,"column":75}},"84":{"start":{"line":225,"column":16},"end":{"line":228,"column":null}},"85":{"start":{"line":226,"column":20},"end":{"line":226,"column":null}},"86":{"start":{"line":226,"column":44},"end":{"line":226,"column":null}},"87":{"start":{"line":227,"column":20},"end":{"line":227,"column":null}},"88":{"start":{"line":227,"column":44},"end":{"line":227,"column":null}},"89":{"start":{"line":231,"column":12},"end":{"line":231,"column":null}},"90":{"start":{"line":232,"column":12},"end":{"line":232,"column":null}},"91":{"start":{"line":233,"column":12},"end":{"line":233,"column":null}},"92":{"start":{"line":234,"column":12},"end":{"line":234,"column":null}},"93":{"start":{"line":235,"column":12},"end":{"line":235,"column":null}},"94":{"start":{"line":238,"column":12},"end":{"line":278,"column":null}},"95":{"start":{"line":239,"column":32},"end":{"line":239,"column":null}},"96":{"start":{"line":240,"column":32},"end":{"line":240,"column":null}},"97":{"start":{"line":241,"column":29},"end":{"line":241,"column":null}},"98":{"start":{"line":242,"column":39},"end":{"line":242,"column":null}},"99":{"start":{"line":244,"column":32},"end":{"line":244,"column":null}},"100":{"start":{"line":244,"column":50},"end":{"line":244,"column":82}},"101":{"start":{"line":245,"column":16},"end":{"line":277,"column":null}},"102":{"start":{"line":247,"column":30},"end":{"line":247,"column":null}},"103":{"start":{"line":248,"column":30},"end":{"line":248,"column":null}},"104":{"start":{"line":249,"column":20},"end":{"line":249,"column":null}},"105":{"start":{"line":249,"column":42},"end":{"line":249,"column":null}},"106":{"start":{"line":250,"column":20},"end":{"line":250,"column":null}},"107":{"start":{"line":250,"column":42},"end":{"line":250,"column":null}},"108":{"start":{"line":252,"column":20},"end":{"line":261,"column":null}},"109":{"start":{"line":253,"column":49},"end":{"line":257,"column":null}},"110":{"start":{"line":258,"column":24},"end":{"line":258,"column":null}},"111":{"start":{"line":258,"column":43},"end":{"line":258,"column":null}},"112":{"start":{"line":259,"column":24},"end":{"line":259,"column":null}},"113":{"start":{"line":260,"column":24},"end":{"line":260,"column":null}},"114":{"start":{"line":264,"column":46},"end":{"line":264,"column":null}},"115":{"start":{"line":265,"column":39},"end":{"line":265,"column":null}},"116":{"start":{"line":266,"column":39},"end":{"line":266,"column":null}},"117":{"start":{"line":267,"column":30},"end":{"line":267,"column":null}},"118":{"start":{"line":268,"column":30},"end":{"line":268,"column":null}},"119":{"start":{"line":269,"column":20},"end":{"line":269,"column":null}},"120":{"start":{"line":269,"column":42},"end":{"line":269,"column":null}},"121":{"start":{"line":270,"column":20},"end":{"line":270,"column":null}},"122":{"start":{"line":270,"column":42},"end":{"line":270,"column":null}},"123":{"start":{"line":272,"column":20},"end":{"line":276,"column":null}},"124":{"start":{"line":280,"column":12},"end":{"line":280,"column":null}},"125":{"start":{"line":284,"column":8},"end":{"line":383,"column":null}},"126":{"start":{"line":285,"column":24},"end":{"line":285,"column":null}},"127":{"start":{"line":286,"column":12},"end":{"line":286,"column":null}},"128":{"start":{"line":287,"column":12},"end":{"line":287,"column":null}},"129":{"start":{"line":289,"column":22},"end":{"line":289,"column":null}},"130":{"start":{"line":290,"column":27},"end":{"line":290,"column":null}},"131":{"start":{"line":291,"column":27},"end":{"line":291,"column":null}},"132":{"start":{"line":292,"column":12},"end":{"line":292,"column":null}},"133":{"start":{"line":296,"column":12},"end":{"line":319,"column":null}},"134":{"start":{"line":297,"column":53},"end":{"line":297,"column":null}},"135":{"start":{"line":299,"column":16},"end":{"line":314,"column":null}},"136":{"start":{"line":300,"column":20},"end":{"line":300,"column":null}},"137":{"start":{"line":301,"column":20},"end":{"line":301,"column":null}},"138":{"start":{"line":302,"column":20},"end":{"line":302,"column":null}},"139":{"start":{"line":303,"column":20},"end":{"line":303,"column":null}},"140":{"start":{"line":306,"column":20},"end":{"line":306,"column":null}},"141":{"start":{"line":308,"column":20},"end":{"line":310,"column":null}},"142":{"start":{"line":309,"column":24},"end":{"line":309,"column":null}},"143":{"start":{"line":312,"column":20},"end":{"line":312,"column":null}},"144":{"start":{"line":313,"column":20},"end":{"line":313,"column":null}},"145":{"start":{"line":317,"column":16},"end":{"line":317,"column":null}},"146":{"start":{"line":317,"column":53},"end":{"line":317,"column":null}},"147":{"start":{"line":322,"column":27},"end":{"line":322,"column":null}},"148":{"start":{"line":325,"column":12},"end":{"line":340,"column":null}},"149":{"start":{"line":326,"column":16},"end":{"line":339,"column":null}},"150":{"start":{"line":327,"column":20},"end":{"line":327,"column":null}},"151":{"start":{"line":328,"column":20},"end":{"line":328,"column":null}},"152":{"start":{"line":331,"column":20},"end":{"line":331,"column":null}},"153":{"start":{"line":333,"column":20},"end":{"line":335,"column":null}},"154":{"start":{"line":334,"column":24},"end":{"line":334,"column":null}},"155":{"start":{"line":337,"column":20},"end":{"line":337,"column":null}},"156":{"start":{"line":338,"column":20},"end":{"line":338,"column":null}},"157":{"start":{"line":343,"column":12},"end":{"line":382,"column":null}},"158":{"start":{"line":344,"column":34},"end":{"line":344,"column":null}},"159":{"start":{"line":345,"column":35},"end":{"line":345,"column":null}},"160":{"start":{"line":346,"column":34},"end":{"line":346,"column":null}},"161":{"start":{"line":348,"column":16},"end":{"line":381,"column":null}},"162":{"start":{"line":348,"column":29},"end":{"line":348,"column":41}},"163":{"start":{"line":349,"column":20},"end":{"line":379,"column":null}},"164":{"start":{"line":349,"column":37},"end":{"line":349,"column":40}},"165":{"start":{"line":350,"column":35},"end":{"line":350,"column":null}},"166":{"start":{"line":351,"column":35},"end":{"line":351,"column":null}},"167":{"start":{"line":352,"column":35},"end":{"line":352,"column":null}},"168":{"start":{"line":353,"column":35},"end":{"line":353,"column":null}},"169":{"start":{"line":355,"column":61},"end":{"line":355,"column":null}},"170":{"start":{"line":356,"column":46},"end":{"line":356,"column":null}},"171":{"start":{"line":357,"column":46},"end":{"line":357,"column":null}},"172":{"start":{"line":359,"column":24},"end":{"line":359,"column":null}},"173":{"start":{"line":359,"column":119},"end":{"line":359,"column":null}},"174":{"start":{"line":361,"column":24},"end":{"line":378,"column":null}},"175":{"start":{"line":362,"column":28},"end":{"line":362,"column":null}},"176":{"start":{"line":363,"column":28},"end":{"line":363,"column":null}},"177":{"start":{"line":364,"column":28},"end":{"line":364,"column":null}},"178":{"start":{"line":365,"column":28},"end":{"line":365,"column":null}},"179":{"start":{"line":367,"column":28},"end":{"line":372,"column":null}},"180":{"start":{"line":375,"column":28},"end":{"line":375,"column":null}},"181":{"start":{"line":376,"column":28},"end":{"line":376,"column":null}},"182":{"start":{"line":377,"column":28},"end":{"line":377,"column":null}},"183":{"start":{"line":380,"column":20},"end":{"line":380,"column":null}},"184":{"start":{"line":380,"column":34},"end":{"line":380,"column":null}},"185":{"start":{"line":385,"column":8},"end":{"line":385,"column":null}},"186":{"start":{"line":386,"column":8},"end":{"line":386,"column":null}},"187":{"start":{"line":390,"column":8},"end":{"line":390,"column":null}},"188":{"start":{"line":395,"column":8},"end":{"line":395,"column":null}},"189":{"start":{"line":399,"column":8},"end":{"line":399,"column":null}},"190":{"start":{"line":406,"column":8},"end":{"line":406,"column":null}},"191":{"start":{"line":406,"column":35},"end":{"line":406,"column":null}},"192":{"start":{"line":409,"column":8},"end":{"line":413,"column":null}},"193":{"start":{"line":410,"column":12},"end":{"line":410,"column":null}},"194":{"start":{"line":410,"column":35},"end":{"line":410,"column":null}},"195":{"start":{"line":411,"column":12},"end":{"line":411,"column":null}},"196":{"start":{"line":411,"column":35},"end":{"line":411,"column":null}},"197":{"start":{"line":412,"column":12},"end":{"line":412,"column":null}},"198":{"start":{"line":417,"column":27},"end":{"line":417,"column":null}},"199":{"start":{"line":418,"column":21},"end":{"line":418,"column":null}},"200":{"start":{"line":419,"column":31},"end":{"line":419,"column":null}},"201":{"start":{"line":422,"column":32},"end":{"line":422,"column":null}},"202":{"start":{"line":423,"column":8},"end":{"line":423,"column":null}},"203":{"start":{"line":437,"column":23},"end":{"line":437,"column":null}},"204":{"start":{"line":438,"column":23},"end":{"line":438,"column":null}},"205":{"start":{"line":439,"column":29},"end":{"line":439,"column":null}},"206":{"start":{"line":441,"column":17},"end":{"line":441,"column":null}},"207":{"start":{"line":442,"column":17},"end":{"line":442,"column":null}},"208":{"start":{"line":445,"column":8},"end":{"line":445,"column":null}},"209":{"start":{"line":445,"column":22},"end":{"line":445,"column":null}},"210":{"start":{"line":446,"column":8},"end":{"line":446,"column":null}},"211":{"start":{"line":446,"column":22},"end":{"line":446,"column":null}},"212":{"start":{"line":449,"column":8},"end":{"line":451,"column":null}},"213":{"start":{"line":450,"column":12},"end":{"line":450,"column":null}},"214":{"start":{"line":453,"column":45},"end":{"line":453,"column":null}},"215":{"start":{"line":454,"column":8},"end":{"line":459,"column":null}},"216":{"start":{"line":455,"column":12},"end":{"line":455,"column":null}},"217":{"start":{"line":456,"column":12},"end":{"line":456,"column":null}},"218":{"start":{"line":457,"column":12},"end":{"line":457,"column":null}},"219":{"start":{"line":458,"column":12},"end":{"line":458,"column":null}},"220":{"start":{"line":460,"column":8},"end":{"line":460,"column":null}},"221":{"start":{"line":464,"column":21},"end":{"line":464,"column":null}},"222":{"start":{"line":465,"column":27},"end":{"line":465,"column":null}},"223":{"start":{"line":467,"column":8},"end":{"line":473,"column":null}},"224":{"start":{"line":468,"column":12},"end":{"line":471,"column":null}},"225":{"start":{"line":469,"column":37},"end":{"line":469,"column":null}},"226":{"start":{"line":469,"column":57},"end":{"line":469,"column":66}},"227":{"start":{"line":470,"column":16},"end":{"line":470,"column":null}},"228":{"start":{"line":472,"column":12},"end":{"line":472,"column":null}},"229":{"start":{"line":475,"column":20},"end":{"line":475,"column":null}},"230":{"start":{"line":476,"column":8},"end":{"line":476,"column":null}},"231":{"start":{"line":476,"column":43},"end":{"line":476,"column":null}},"232":{"start":{"line":477,"column":8},"end":{"line":477,"column":null}},"233":{"start":{"line":478,"column":8},"end":{"line":478,"column":null}},"234":{"start":{"line":479,"column":8},"end":{"line":479,"column":null}},"235":{"start":{"line":489,"column":8},"end":{"line":489,"column":null}},"236":{"start":{"line":489,"column":39},"end":{"line":489,"column":null}},"237":{"start":{"line":491,"column":86},"end":{"line":500,"column":null}},"238":{"start":{"line":502,"column":22},"end":{"line":502,"column":null}},"239":{"start":{"line":503,"column":22},"end":{"line":503,"column":null}},"240":{"start":{"line":506,"column":25},"end":{"line":506,"column":null}},"241":{"start":{"line":507,"column":29},"end":{"line":507,"column":null}},"242":{"start":{"line":509,"column":8},"end":{"line":546,"column":null}},"243":{"start":{"line":510,"column":21},"end":{"line":510,"column":null}},"244":{"start":{"line":511,"column":21},"end":{"line":511,"column":null}},"245":{"start":{"line":513,"column":12},"end":{"line":513,"column":null}},"246":{"start":{"line":513,"column":33},"end":{"line":513,"column":null}},"247":{"start":{"line":514,"column":12},"end":{"line":514,"column":null}},"248":{"start":{"line":514,"column":33},"end":{"line":514,"column":null}},"249":{"start":{"line":516,"column":12},"end":{"line":516,"column":null}},"250":{"start":{"line":516,"column":70},"end":{"line":516,"column":null}},"251":{"start":{"line":518,"column":36},"end":{"line":523,"column":null}},"252":{"start":{"line":525,"column":31},"end":{"line":525,"column":null}},"253":{"start":{"line":528,"column":30},"end":{"line":528,"column":null}},"254":{"start":{"line":528,"column":55},"end":{"line":528,"column":85}},"255":{"start":{"line":530,"column":12},"end":{"line":545,"column":null}},"256":{"start":{"line":531,"column":16},"end":{"line":531,"column":null}},"257":{"start":{"line":532,"column":16},"end":{"line":536,"column":null}},"258":{"start":{"line":539,"column":30},"end":{"line":539,"column":null}},"259":{"start":{"line":540,"column":16},"end":{"line":542,"column":null}},"260":{"start":{"line":541,"column":20},"end":{"line":541,"column":null}},"261":{"start":{"line":544,"column":16},"end":{"line":544,"column":null}},"262":{"start":{"line":547,"column":8},"end":{"line":547,"column":null}}},"fnMap":{"0":{"name":"(anonymous_0)","decl":{"start":{"line":65,"column":4},"end":{"line":65,"column":18}},"loc":{"start":{"line":65,"column":18},"end":{"line":67,"column":null}},"line":65},"1":{"name":"(anonymous_1)","decl":{"start":{"line":69,"column":11},"end":{"line":69,"column":20}},"loc":{"start":{"line":69,"column":47},"end":{"line":82,"column":null}},"line":69},"2":{"name":"(anonymous_2)","decl":{"start":{"line":71,"column":49},"end":{"line":71,"column":54}},"loc":{"start":{"line":71,"column":54},"end":{"line":71,"column":75}},"line":71},"3":{"name":"(anonymous_3)","decl":{"start":{"line":84,"column":11},"end":{"line":84,"column":19}},"loc":{"start":{"line":84,"column":19},"end":{"line":90,"column":null}},"line":84},"4":{"name":"(anonymous_4)","decl":{"start":{"line":92,"column":11},"end":{"line":92,"column":24}},"loc":{"start":{"line":92,"column":24},"end":{"line":94,"column":null}},"line":92},"5":{"name":"(anonymous_5)","decl":{"start":{"line":96,"column":11},"end":{"line":96,"column":18}},"loc":{"start":{"line":96,"column":30},"end":{"line":98,"column":null}},"line":96},"6":{"name":"(anonymous_6)","decl":{"start":{"line":100,"column":11},"end":{"line":100,"column":null}},"loc":{"start":{"line":105,"column":24},"end":{"line":387,"column":null}},"line":105},"7":{"name":"(anonymous_7)","decl":{"start":{"line":107,"column":24},"end":{"line":107,"column":25}},"loc":{"start":{"line":107,"column":34},"end":{"line":115,"column":9}},"line":107},"8":{"name":"(anonymous_8)","decl":{"start":{"line":185,"column":47},"end":{"line":185,"column":52}},"loc":{"start":{"line":185,"column":52},"end":{"line":185,"column":75}},"line":185},"9":{"name":"(anonymous_9)","decl":{"start":{"line":224,"column":47},"end":{"line":224,"column":52}},"loc":{"start":{"line":224,"column":52},"end":{"line":224,"column":75}},"line":224},"10":{"name":"(anonymous_10)","decl":{"start":{"line":244,"column":45},"end":{"line":244,"column":50}},"loc":{"start":{"line":244,"column":50},"end":{"line":244,"column":82}},"line":244},"11":{"name":"(anonymous_11)","decl":{"start":{"line":389,"column":11},"end":{"line":389,"column":48}},"loc":{"start":{"line":389,"column":48},"end":{"line":391,"column":null}},"line":389},"12":{"name":"(anonymous_12)","decl":{"start":{"line":394,"column":11},"end":{"line":394,"column":120}},"loc":{"start":{"line":394,"column":120},"end":{"line":396,"column":null}},"line":394},"13":{"name":"(anonymous_13)","decl":{"start":{"line":398,"column":12},"end":{"line":398,"column":30}},"loc":{"start":{"line":398,"column":111},"end":{"line":400,"column":null}},"line":398},"14":{"name":"(anonymous_14)","decl":{"start":{"line":402,"column":12},"end":{"line":402,"column":24}},"loc":{"start":{"line":402,"column":51},"end":{"line":424,"column":null}},"line":402},"15":{"name":"(anonymous_15)","decl":{"start":{"line":426,"column":12},"end":{"line":426,"column":null}},"loc":{"start":{"line":436,"column":15},"end":{"line":461,"column":null}},"line":436},"16":{"name":"(anonymous_16)","decl":{"start":{"line":463,"column":12},"end":{"line":463,"column":36}},"loc":{"start":{"line":463,"column":139},"end":{"line":480,"column":null}},"line":463},"17":{"name":"(anonymous_17)","decl":{"start":{"line":469,"column":52},"end":{"line":469,"column":57}},"loc":{"start":{"line":469,"column":57},"end":{"line":469,"column":66}},"line":469},"18":{"name":"(anonymous_18)","decl":{"start":{"line":482,"column":12},"end":{"line":482,"column":null}},"loc":{"start":{"line":488,"column":15},"end":{"line":548,"column":null}},"line":488},"19":{"name":"(anonymous_19)","decl":{"start":{"line":528,"column":46},"end":{"line":528,"column":55}},"loc":{"start":{"line":528,"column":55},"end":{"line":528,"column":85}},"line":528}},"branchMap":{"0":{"loc":{"start":{"line":72,"column":8},"end":{"line":80,"column":null}},"type":"if","locations":[{"start":{"line":72,"column":8},"end":{"line":80,"column":null}},{"start":{},"end":{}}],"line":72},"1":{"loc":{"start":{"line":75,"column":12},"end":{"line":78,"column":null}},"type":"if","locations":[{"start":{"line":75,"column":12},"end":{"line":78,"column":null}},{"start":{},"end":{}}],"line":75},"2":{"loc":{"start":{"line":75,"column":16},"end":{"line":75,"column":70}},"type":"binary-expr","locations":[{"start":{"line":75,"column":16},"end":{"line":75,"column":44}},{"start":{"line":75,"column":44},"end":{"line":75,"column":70}}],"line":75},"3":{"loc":{"start":{"line":110,"column":12},"end":{"line":110,"column":null}},"type":"if","locations":[{"start":{"line":110,"column":12},"end":{"line":110,"column":null}},{"start":{},"end":{}}],"line":110},"4":{"loc":{"start":{"line":113,"column":12},"end":{"line":113,"column":null}},"type":"if","locations":[{"start":{"line":113,"column":12},"end":{"line":113,"column":null}},{"start":{},"end":{}}],"line":113},"5":{"loc":{"start":{"line":145,"column":12},"end":{"line":149,"column":null}},"type":"if","locations":[{"start":{"line":145,"column":12},"end":{"line":149,"column":null}},{"start":{"line":147,"column":19},"end":{"line":149,"column":null}}],"line":145},"6":{"loc":{"start":{"line":168,"column":22},"end":{"line":168,"column":null}},"type":"cond-expr","locations":[{"start":{"line":168,"column":49},"end":{"line":168,"column":63}},{"start":{"line":168,"column":63},"end":{"line":168,"column":null}}],"line":168},"7":{"loc":{"start":{"line":174,"column":49},"end":{"line":174,"column":null}},"type":"cond-expr","locations":[{"start":{"line":174,"column":66},"end":{"line":174,"column":76}},{"start":{"line":174,"column":76},"end":{"line":174,"column":null}}],"line":174},"8":{"loc":{"start":{"line":177,"column":12},"end":{"line":190,"column":null}},"type":"if","locations":[{"start":{"line":177,"column":12},"end":{"line":190,"column":null}},{"start":{"line":179,"column":12},"end":{"line":190,"column":null}}],"line":177},"9":{"loc":{"start":{"line":179,"column":12},"end":{"line":190,"column":null}},"type":"if","locations":[{"start":{"line":179,"column":12},"end":{"line":190,"column":null}},{"start":{"line":182,"column":19},"end":{"line":190,"column":null}}],"line":179},"10":{"loc":{"start":{"line":180,"column":31},"end":{"line":180,"column":56}},"type":"binary-expr","locations":[{"start":{"line":180,"column":31},"end":{"line":180,"column":51}},{"start":{"line":180,"column":51},"end":{"line":180,"column":56}}],"line":180},"11":{"loc":{"start":{"line":180,"column":77},"end":{"line":180,"column":99}},"type":"binary-expr","locations":[{"start":{"line":180,"column":77},"end":{"line":180,"column":98}},{"start":{"line":180,"column":98},"end":{"line":180,"column":99}}],"line":180},"12":{"loc":{"start":{"line":181,"column":31},"end":{"line":181,"column":56}},"type":"binary-expr","locations":[{"start":{"line":181,"column":31},"end":{"line":181,"column":51}},{"start":{"line":181,"column":51},"end":{"line":181,"column":56}}],"line":181},"13":{"loc":{"start":{"line":181,"column":77},"end":{"line":181,"column":99}},"type":"binary-expr","locations":[{"start":{"line":181,"column":77},"end":{"line":181,"column":98}},{"start":{"line":181,"column":98},"end":{"line":181,"column":99}}],"line":181},"14":{"loc":{"start":{"line":186,"column":16},"end":{"line":189,"column":null}},"type":"if","locations":[{"start":{"line":186,"column":16},"end":{"line":189,"column":null}},{"start":{},"end":{}}],"line":186},"15":{"loc":{"start":{"line":187,"column":20},"end":{"line":187,"column":null}},"type":"if","locations":[{"start":{"line":187,"column":20},"end":{"line":187,"column":null}},{"start":{},"end":{}}],"line":187},"16":{"loc":{"start":{"line":188,"column":20},"end":{"line":188,"column":null}},"type":"if","locations":[{"start":{"line":188,"column":20},"end":{"line":188,"column":null}},{"start":{},"end":{}}],"line":188},"17":{"loc":{"start":{"line":196,"column":12},"end":{"line":206,"column":null}},"type":"if","locations":[{"start":{"line":196,"column":12},"end":{"line":206,"column":null}},{"start":{},"end":{}}],"line":196},"18":{"loc":{"start":{"line":203,"column":16},"end":{"line":203,"column":null}},"type":"if","locations":[{"start":{"line":203,"column":16},"end":{"line":203,"column":null}},{"start":{},"end":{}}],"line":203},"19":{"loc":{"start":{"line":215,"column":12},"end":{"line":229,"column":null}},"type":"if","locations":[{"start":{"line":215,"column":12},"end":{"line":229,"column":null}},{"start":{"line":217,"column":12},"end":{"line":229,"column":null}}],"line":215},"20":{"loc":{"start":{"line":217,"column":12},"end":{"line":229,"column":null}},"type":"if","locations":[{"start":{"line":217,"column":12},"end":{"line":229,"column":null}},{"start":{"line":220,"column":19},"end":{"line":229,"column":null}}],"line":217},"21":{"loc":{"start":{"line":218,"column":31},"end":{"line":218,"column":56}},"type":"binary-expr","locations":[{"start":{"line":218,"column":31},"end":{"line":218,"column":51}},{"start":{"line":218,"column":51},"end":{"line":218,"column":56}}],"line":218},"22":{"loc":{"start":{"line":218,"column":65},"end":{"line":218,"column":87}},"type":"binary-expr","locations":[{"start":{"line":218,"column":65},"end":{"line":218,"column":86}},{"start":{"line":218,"column":86},"end":{"line":218,"column":87}}],"line":218},"23":{"loc":{"start":{"line":219,"column":31},"end":{"line":219,"column":56}},"type":"binary-expr","locations":[{"start":{"line":219,"column":31},"end":{"line":219,"column":51}},{"start":{"line":219,"column":51},"end":{"line":219,"column":56}}],"line":219},"24":{"loc":{"start":{"line":219,"column":65},"end":{"line":219,"column":87}},"type":"binary-expr","locations":[{"start":{"line":219,"column":65},"end":{"line":219,"column":86}},{"start":{"line":219,"column":86},"end":{"line":219,"column":87}}],"line":219},"25":{"loc":{"start":{"line":225,"column":16},"end":{"line":228,"column":null}},"type":"if","locations":[{"start":{"line":225,"column":16},"end":{"line":228,"column":null}},{"start":{},"end":{}}],"line":225},"26":{"loc":{"start":{"line":226,"column":20},"end":{"line":226,"column":null}},"type":"if","locations":[{"start":{"line":226,"column":20},"end":{"line":226,"column":null}},{"start":{},"end":{}}],"line":226},"27":{"loc":{"start":{"line":227,"column":20},"end":{"line":227,"column":null}},"type":"if","locations":[{"start":{"line":227,"column":20},"end":{"line":227,"column":null}},{"start":{},"end":{}}],"line":227},"28":{"loc":{"start":{"line":238,"column":12},"end":{"line":278,"column":null}},"type":"if","locations":[{"start":{"line":238,"column":12},"end":{"line":278,"column":null}},{"start":{},"end":{}}],"line":238},"29":{"loc":{"start":{"line":238,"column":16},"end":{"line":238,"column":67}},"type":"binary-expr","locations":[{"start":{"line":238,"column":16},"end":{"line":238,"column":44}},{"start":{"line":238,"column":44},"end":{"line":238,"column":67}}],"line":238},"30":{"loc":{"start":{"line":241,"column":29},"end":{"line":241,"column":null}},"type":"cond-expr","locations":[{"start":{"line":241,"column":56},"end":{"line":241,"column":70}},{"start":{"line":241,"column":70},"end":{"line":241,"column":null}}],"line":241},"31":{"loc":{"start":{"line":245,"column":16},"end":{"line":277,"column":null}},"type":"if","locations":[{"start":{"line":245,"column":16},"end":{"line":277,"column":null}},{"start":{},"end":{}}],"line":245},"32":{"loc":{"start":{"line":249,"column":20},"end":{"line":249,"column":null}},"type":"if","locations":[{"start":{"line":249,"column":20},"end":{"line":249,"column":null}},{"start":{},"end":{}}],"line":249},"33":{"loc":{"start":{"line":250,"column":20},"end":{"line":250,"column":null}},"type":"if","locations":[{"start":{"line":250,"column":20},"end":{"line":250,"column":null}},{"start":{},"end":{}}],"line":250},"34":{"loc":{"start":{"line":252,"column":20},"end":{"line":261,"column":null}},"type":"if","locations":[{"start":{"line":252,"column":20},"end":{"line":261,"column":null}},{"start":{},"end":{}}],"line":252},"35":{"loc":{"start":{"line":258,"column":24},"end":{"line":258,"column":null}},"type":"if","locations":[{"start":{"line":258,"column":24},"end":{"line":258,"column":null}},{"start":{},"end":{}}],"line":258},"36":{"loc":{"start":{"line":269,"column":20},"end":{"line":269,"column":null}},"type":"if","locations":[{"start":{"line":269,"column":20},"end":{"line":269,"column":null}},{"start":{},"end":{}}],"line":269},"37":{"loc":{"start":{"line":270,"column":20},"end":{"line":270,"column":null}},"type":"if","locations":[{"start":{"line":270,"column":20},"end":{"line":270,"column":null}},{"start":{},"end":{}}],"line":270},"38":{"loc":{"start":{"line":289,"column":22},"end":{"line":289,"column":null}},"type":"cond-expr","locations":[{"start":{"line":289,"column":49},"end":{"line":289,"column":63}},{"start":{"line":289,"column":63},"end":{"line":289,"column":null}}],"line":289},"39":{"loc":{"start":{"line":296,"column":12},"end":{"line":319,"column":null}},"type":"if","locations":[{"start":{"line":296,"column":12},"end":{"line":319,"column":null}},{"start":{},"end":{}}],"line":296},"40":{"loc":{"start":{"line":296,"column":16},"end":{"line":296,"column":98}},"type":"binary-expr","locations":[{"start":{"line":296,"column":16},"end":{"line":296,"column":52}},{"start":{"line":296,"column":52},"end":{"line":296,"column":80}},{"start":{"line":296,"column":80},"end":{"line":296,"column":98}}],"line":296},"41":{"loc":{"start":{"line":297,"column":53},"end":{"line":297,"column":null}},"type":"cond-expr","locations":[{"start":{"line":297,"column":70},"end":{"line":297,"column":80}},{"start":{"line":297,"column":80},"end":{"line":297,"column":null}}],"line":297},"42":{"loc":{"start":{"line":299,"column":16},"end":{"line":314,"column":null}},"type":"if","locations":[{"start":{"line":299,"column":16},"end":{"line":314,"column":null}},{"start":{},"end":{}}],"line":299},"43":{"loc":{"start":{"line":308,"column":20},"end":{"line":310,"column":null}},"type":"if","locations":[{"start":{"line":308,"column":20},"end":{"line":310,"column":null}},{"start":{},"end":{}}],"line":308},"44":{"loc":{"start":{"line":317,"column":16},"end":{"line":317,"column":null}},"type":"if","locations":[{"start":{"line":317,"column":16},"end":{"line":317,"column":null}},{"start":{},"end":{}}],"line":317},"45":{"loc":{"start":{"line":326,"column":16},"end":{"line":339,"column":null}},"type":"if","locations":[{"start":{"line":326,"column":16},"end":{"line":339,"column":null}},{"start":{},"end":{}}],"line":326},"46":{"loc":{"start":{"line":333,"column":20},"end":{"line":335,"column":null}},"type":"if","locations":[{"start":{"line":333,"column":20},"end":{"line":335,"column":null}},{"start":{},"end":{}}],"line":333},"47":{"loc":{"start":{"line":343,"column":12},"end":{"line":382,"column":null}},"type":"if","locations":[{"start":{"line":343,"column":12},"end":{"line":382,"column":null}},{"start":{},"end":{}}],"line":343},"48":{"loc":{"start":{"line":355,"column":61},"end":{"line":355,"column":null}},"type":"cond-expr","locations":[{"start":{"line":355,"column":78},"end":{"line":355,"column":88}},{"start":{"line":355,"column":88},"end":{"line":355,"column":null}}],"line":355},"49":{"loc":{"start":{"line":359,"column":24},"end":{"line":359,"column":null}},"type":"if","locations":[{"start":{"line":359,"column":24},"end":{"line":359,"column":null}},{"start":{},"end":{}}],"line":359},"50":{"loc":{"start":{"line":361,"column":24},"end":{"line":378,"column":null}},"type":"if","locations":[{"start":{"line":361,"column":24},"end":{"line":378,"column":null}},{"start":{},"end":{}}],"line":361},"51":{"loc":{"start":{"line":380,"column":20},"end":{"line":380,"column":null}},"type":"if","locations":[{"start":{"line":380,"column":20},"end":{"line":380,"column":null}},{"start":{},"end":{}}],"line":380},"52":{"loc":{"start":{"line":399,"column":16},"end":{"line":399,"column":null}},"type":"binary-expr","locations":[{"start":{"line":399,"column":16},"end":{"line":399,"column":31}},{"start":{"line":399,"column":31},"end":{"line":399,"column":47}},{"start":{"line":399,"column":47},"end":{"line":399,"column":62}},{"start":{"line":399,"column":62},"end":{"line":399,"column":null}}],"line":399},"53":{"loc":{"start":{"line":406,"column":8},"end":{"line":406,"column":null}},"type":"if","locations":[{"start":{"line":406,"column":8},"end":{"line":406,"column":null}},{"start":{},"end":{}}],"line":406},"54":{"loc":{"start":{"line":409,"column":8},"end":{"line":413,"column":null}},"type":"if","locations":[{"start":{"line":409,"column":8},"end":{"line":413,"column":null}},{"start":{},"end":{}}],"line":409},"55":{"loc":{"start":{"line":410,"column":12},"end":{"line":410,"column":null}},"type":"if","locations":[{"start":{"line":410,"column":12},"end":{"line":410,"column":null}},{"start":{},"end":{}}],"line":410},"56":{"loc":{"start":{"line":411,"column":12},"end":{"line":411,"column":null}},"type":"if","locations":[{"start":{"line":411,"column":12},"end":{"line":411,"column":null}},{"start":{},"end":{}}],"line":411},"57":{"loc":{"start":{"line":418,"column":32},"end":{"line":418,"column":45}},"type":"binary-expr","locations":[{"start":{"line":418,"column":32},"end":{"line":418,"column":42}},{"start":{"line":418,"column":42},"end":{"line":418,"column":45}}],"line":418},"58":{"loc":{"start":{"line":419,"column":31},"end":{"line":419,"column":null}},"type":"cond-expr","locations":[{"start":{"line":419,"column":48},"end":{"line":419,"column":52}},{"start":{"line":419,"column":52},"end":{"line":419,"column":null}}],"line":419},"59":{"loc":{"start":{"line":422,"column":46},"end":{"line":422,"column":62}},"type":"binary-expr","locations":[{"start":{"line":422,"column":46},"end":{"line":422,"column":57}},{"start":{"line":422,"column":57},"end":{"line":422,"column":62}}],"line":422},"60":{"loc":{"start":{"line":445,"column":8},"end":{"line":445,"column":null}},"type":"if","locations":[{"start":{"line":445,"column":8},"end":{"line":445,"column":null}},{"start":{},"end":{}}],"line":445},"61":{"loc":{"start":{"line":446,"column":8},"end":{"line":446,"column":null}},"type":"if","locations":[{"start":{"line":446,"column":8},"end":{"line":446,"column":null}},{"start":{},"end":{}}],"line":446},"62":{"loc":{"start":{"line":449,"column":8},"end":{"line":451,"column":null}},"type":"if","locations":[{"start":{"line":449,"column":8},"end":{"line":451,"column":null}},{"start":{},"end":{}}],"line":449},"63":{"loc":{"start":{"line":453,"column":45},"end":{"line":453,"column":null}},"type":"cond-expr","locations":[{"start":{"line":453,"column":62},"end":{"line":453,"column":72}},{"start":{"line":453,"column":72},"end":{"line":453,"column":null}}],"line":453},"64":{"loc":{"start":{"line":454,"column":8},"end":{"line":459,"column":null}},"type":"if","locations":[{"start":{"line":454,"column":8},"end":{"line":459,"column":null}},{"start":{},"end":{}}],"line":454},"65":{"loc":{"start":{"line":467,"column":8},"end":{"line":473,"column":null}},"type":"if","locations":[{"start":{"line":467,"column":8},"end":{"line":473,"column":null}},{"start":{},"end":{}}],"line":467},"66":{"loc":{"start":{"line":468,"column":12},"end":{"line":471,"column":null}},"type":"if","locations":[{"start":{"line":468,"column":12},"end":{"line":471,"column":null}},{"start":{},"end":{}}],"line":468},"67":{"loc":{"start":{"line":476,"column":8},"end":{"line":476,"column":null}},"type":"if","locations":[{"start":{"line":476,"column":8},"end":{"line":476,"column":null}},{"start":{},"end":{}}],"line":476},"68":{"loc":{"start":{"line":489,"column":8},"end":{"line":489,"column":null}},"type":"if","locations":[{"start":{"line":489,"column":8},"end":{"line":489,"column":null}},{"start":{},"end":{}}],"line":489},"69":{"loc":{"start":{"line":506,"column":25},"end":{"line":506,"column":null}},"type":"cond-expr","locations":[{"start":{"line":506,"column":52},"end":{"line":506,"column":56}},{"start":{"line":506,"column":56},"end":{"line":506,"column":null}}],"line":506},"70":{"loc":{"start":{"line":513,"column":12},"end":{"line":513,"column":null}},"type":"if","locations":[{"start":{"line":513,"column":12},"end":{"line":513,"column":null}},{"start":{},"end":{}}],"line":513},"71":{"loc":{"start":{"line":514,"column":12},"end":{"line":514,"column":null}},"type":"if","locations":[{"start":{"line":514,"column":12},"end":{"line":514,"column":null}},{"start":{},"end":{}}],"line":514},"72":{"loc":{"start":{"line":516,"column":12},"end":{"line":516,"column":null}},"type":"if","locations":[{"start":{"line":516,"column":12},"end":{"line":516,"column":null}},{"start":{},"end":{}}],"line":516},"73":{"loc":{"start":{"line":530,"column":12},"end":{"line":545,"column":null}},"type":"if","locations":[{"start":{"line":530,"column":12},"end":{"line":545,"column":null}},{"start":{},"end":{}}],"line":530},"74":{"loc":{"start":{"line":540,"column":16},"end":{"line":542,"column":null}},"type":"if","locations":[{"start":{"line":540,"column":16},"end":{"line":542,"column":null}},{"start":{},"end":{}}],"line":540}},"s":{"0":1,"1":1,"2":1,"3":1,"4":1,"5":12,"6":21,"7":8,"8":21,"9":1,"10":1,"11":0,"12":1,"13":20,"14":2,"15":2,"16":2,"17":2,"18":1,"19":1,"20":15,"21":8,"22":8,"23":8,"24":5,"25":3,"26":1,"27":2,"28":15,"29":15,"30":15,"31":15,"32":15,"33":15,"34":15,"35":15,"36":21,"37":1,"38":20,"39":15,"40":1,"41":1,"42":1,"43":1,"44":1,"45":1,"46":1,"47":1,"48":1,"49":1,"50":1,"51":1,"52":1,"53":0,"54":0,"55":0,"56":0,"57":0,"58":0,"59":0,"60":0,"61":0,"62":0,"63":0,"64":0,"65":1,"66":1,"67":1,"68":0,"69":0,"70":0,"71":0,"72":0,"73":1,"74":1,"75":1,"76":0,"77":0,"78":0,"79":0,"80":0,"81":0,"82":0,"83":0,"84":0,"85":0,"86":0,"87":0,"88":0,"89":1,"90":1,"91":1,"92":1,"93":1,"94":1,"95":0,"96":0,"97":0,"98":0,"99":0,"100":0,"101":0,"102":0,"103":0,"104":0,"105":0,"106":0,"107":0,"108":0,"109":0,"110":0,"111":0,"112":0,"113":0,"114":0,"115":0,"116":0,"117":0,"118":0,"119":0,"120":0,"121":0,"122":0,"123":0,"124":1,"125":15,"126":20,"127":20,"128":20,"129":20,"130":20,"131":20,"132":20,"133":20,"134":17,"135":17,"136":16,"137":16,"138":16,"139":16,"140":16,"141":16,"142":3,"143":16,"144":16,"145":1,"146":1,"147":3,"148":3,"149":10,"150":2,"151":2,"152":2,"153":2,"154":0,"155":2,"156":2,"157":3,"158":1,"159":1,"160":1,"161":1,"162":1,"163":10,"164":10,"165":334,"166":334,"167":334,"168":334,"169":334,"170":334,"171":334,"172":334,"173":0,"174":334,"175":1,"176":1,"177":1,"178":1,"179":1,"180":1,"181":1,"182":1,"183":10,"184":1,"185":15,"186":15,"187":1,"188":0,"189":347,"190":16,"191":4,"192":12,"193":12,"194":6,"195":6,"196":3,"197":3,"198":0,"199":0,"200":16,"201":16,"202":16,"203":10,"204":10,"205":10,"206":10,"207":10,"208":10,"209":8,"210":10,"211":8,"212":10,"213":0,"214":10,"215":10,"216":2,"217":2,"218":2,"219":2,"220":8,"221":361,"222":361,"223":361,"224":342,"225":0,"226":0,"227":0,"228":342,"229":19,"230":19,"231":19,"232":19,"233":19,"234":19,"235":3,"236":0,"237":3,"238":3,"239":3,"240":3,"241":3,"242":3,"243":3,"244":3,"245":3,"246":3,"247":3,"248":3,"249":3,"250":0,"251":3,"252":3,"253":3,"254":0,"255":3,"256":3,"257":3,"258":3,"259":3,"260":3,"261":3,"262":0},"f":{"0":12,"1":21,"2":8,"3":2,"4":1,"5":1,"6":15,"7":8,"8":0,"9":0,"10":0,"11":1,"12":0,"13":347,"14":16,"15":10,"16":361,"17":0,"18":3,"19":0},"b":{"0":[1,20],"1":[0,1],"2":[1,0],"3":[5,3],"4":[1,2],"5":[1,20],"6":[0,1],"7":[1,0],"8":[1,0],"9":[0,0],"10":[0,0],"11":[0,0],"12":[0,0],"13":[0,0],"14":[0,0],"15":[0,0],"16":[0,0],"17":[0,1],"18":[0,0],"19":[1,0],"20":[0,0],"21":[0,0],"22":[0,0],"23":[0,0],"24":[0,0],"25":[0,0],"26":[0,0],"27":[0,0],"28":[0,1],"29":[1,0],"30":[0,0],"31":[0,0],"32":[0,0],"33":[0,0],"34":[0,0],"35":[0,0],"36":[0,0],"37":[0,0],"38":[6,14],"39":[17,3],"40":[20,6,6],"41":[14,3],"42":[16,1],"43":[3,13],"44":[1,0],"45":[2,8],"46":[0,2],"47":[1,2],"48":[334,0],"49":[0,334],"50":[1,333],"51":[1,9],"52":[347,347,347,347],"53":[4,12],"54":[12,0],"55":[6,6],"56":[3,3],"57":[0,0],"58":[0,0],"59":[16,0],"60":[8,2],"61":[8,2],"62":[0,10],"63":[10,0],"64":[2,8],"65":[342,19],"66":[0,342],"67":[0,19],"68":[0,3],"69":[3,0],"70":[3,0],"71":[3,0],"72":[0,3],"73":[3,0],"74":[3,0]},"meta":{"lastBranch":75,"lastFunction":20,"lastStatement":263,"seen":{"s:58:44:58:Infinity":0,"s:60:38:60:Infinity":1,"s:61:55:61:Infinity":2,"s:62:37:62:Infinity":3,"s:63:50:63:Infinity":4,"f:65:4:65:18":0,"s:66:8:66:Infinity":5,"f:69:11:69:20":1,"s:71:28:71:Infinity":6,"f:71:49:71:54":2,"s:71:54:71:75":7,"b:72:8:80:Infinity:undefined:undefined:undefined:undefined":0,"s:72:8:80:Infinity":8,"s:74:29:74:Infinity":9,"b:75:12:78:Infinity:undefined:undefined:undefined:undefined":1,"s:75:12:78:Infinity":10,"b:75:16:75:44:75:44:75:70":2,"s:76:16:76:Infinity":11,"s:79:12:79:Infinity":12,"s:81:8:81:Infinity":13,"f:84:11:84:19":3,"s:85:8:85:Infinity":14,"s:86:8:86:Infinity":15,"s:87:8:87:Infinity":16,"s:88:8:88:Infinity":17,"f:92:11:92:24":4,"s:93:8:93:Infinity":18,"f:96:11:96:18":5,"s:97:8:97:Infinity":19,"f:100:11:100:Infinity":6,"s:107:8:115:Infinity":20,"f:107:24:107:25":7,"s:108:23:108:Infinity":21,"s:109:23:109:Infinity":22,"b:110:12:110:Infinity:undefined:undefined:undefined:undefined":3,"s:110:12:110:Infinity":23,"s:110:27:110:Infinity":24,"b:113:12:113:Infinity:undefined:undefined:undefined:undefined":4,"s:113:12:113:Infinity":25,"s:113:37:113:Infinity":26,"s:114:12:114:Infinity":27,"s:117:41:117:Infinity":28,"s:118:29:118:Infinity":29,"s:119:28:119:Infinity":30,"s:120:30:120:Infinity":31,"s:127:86:136:Infinity":32,"s:139:51:139:Infinity":33,"s:140:48:140:Infinity":34,"s:142:8:150:Infinity":35,"b:145:12:149:Infinity:147:19:149:Infinity":5,"s:145:12:149:Infinity":36,"s:146:16:146:Infinity":37,"s:148:16:148:Infinity":38,"s:156:8:281:Infinity":39,"s:158:36:158:Infinity":40,"s:160:24:160:Infinity":41,"s:161:26:161:Infinity":42,"s:162:12:162:Infinity":43,"s:163:12:163:Infinity":44,"s:167:30:167:Infinity":45,"s:168:22:168:Infinity":46,"b:168:49:168:63:168:63:168:Infinity":6,"s:169:28:169:Infinity":47,"s:170:28:170:Infinity":48,"s:172:21:172:Infinity":49,"s:173:21:173:Infinity":50,"s:174:49:174:Infinity":51,"b:174:66:174:76:174:76:174:Infinity":7,"b:177:12:190:Infinity:179:12:190:Infinity":8,"s:177:12:190:Infinity":52,"b:179:12:190:Infinity:182:19:190:Infinity":9,"s:179:12:190:Infinity":53,"s:180:16:180:Infinity":54,"b:180:31:180:51:180:51:180:56":10,"b:180:77:180:98:180:98:180:99":11,"s:181:16:181:Infinity":55,"b:181:31:181:51:181:51:181:56":12,"b:181:77:181:98:181:98:181:99":13,"s:183:32:183:Infinity":56,"s:184:37:184:Infinity":57,"s:185:34:185:Infinity":58,"f:185:47:185:52":8,"s:185:52:185:75":59,"b:186:16:189:Infinity:undefined:undefined:undefined:undefined":14,"s:186:16:189:Infinity":60,"b:187:20:187:Infinity:undefined:undefined:undefined:undefined":15,"s:187:20:187:Infinity":61,"s:187:44:187:Infinity":62,"b:188:20:188:Infinity:undefined:undefined:undefined:undefined":16,"s:188:20:188:Infinity":63,"s:188:44:188:Infinity":64,"s:193:12:193:Infinity":65,"s:194:12:194:Infinity":66,"b:196:12:206:Infinity:undefined:undefined:undefined:undefined":17,"s:196:12:206:Infinity":67,"s:198:28:202:Infinity":68,"b:203:16:203:Infinity:undefined:undefined:undefined:undefined":18,"s:203:16:203:Infinity":69,"s:203:35:203:Infinity":70,"s:204:16:204:Infinity":71,"s:205:16:205:Infinity":72,"s:213:21:213:Infinity":73,"s:214:21:214:Infinity":74,"b:215:12:229:Infinity:217:12:229:Infinity":19,"s:215:12:229:Infinity":75,"b:217:12:229:Infinity:220:19:229:Infinity":20,"s:217:12:229:Infinity":76,"s:218:16:218:Infinity":77,"b:218:31:218:51:218:51:218:56":21,"b:218:65:218:86:218:86:218:87":22,"s:219:16:219:Infinity":78,"b:219:31:219:51:219:51:219:56":23,"b:219:65:219:86:219:86:219:87":24,"s:221:41:221:Infinity":79,"s:222:35:222:Infinity":80,"s:223:35:223:Infinity":81,"s:224:34:224:Infinity":82,"f:224:47:224:52":9,"s:224:52:224:75":83,"b:225:16:228:Infinity:undefined:undefined:undefined:undefined":25,"s:225:16:228:Infinity":84,"b:226:20:226:Infinity:undefined:undefined:undefined:undefined":26,"s:226:20:226:Infinity":85,"s:226:44:226:Infinity":86,"b:227:20:227:Infinity:undefined:undefined:undefined:undefined":27,"s:227:20:227:Infinity":87,"s:227:44:227:Infinity":88,"s:231:12:231:Infinity":89,"s:232:12:232:Infinity":90,"s:233:12:233:Infinity":91,"s:234:12:234:Infinity":92,"s:235:12:235:Infinity":93,"b:238:12:278:Infinity:undefined:undefined:undefined:undefined":28,"s:238:12:278:Infinity":94,"b:238:16:238:44:238:44:238:67":29,"s:239:32:239:Infinity":95,"s:240:32:240:Infinity":96,"s:241:29:241:Infinity":97,"b:241:56:241:70:241:70:241:Infinity":30,"s:242:39:242:Infinity":98,"s:244:32:244:Infinity":99,"f:244:45:244:50":10,"s:244:50:244:82":100,"b:245:16:277:Infinity:undefined:undefined:undefined:undefined":31,"s:245:16:277:Infinity":101,"s:247:30:247:Infinity":102,"s:248:30:248:Infinity":103,"b:249:20:249:Infinity:undefined:undefined:undefined:undefined":32,"s:249:20:249:Infinity":104,"s:249:42:249:Infinity":105,"b:250:20:250:Infinity:undefined:undefined:undefined:undefined":33,"s:250:20:250:Infinity":106,"s:250:42:250:Infinity":107,"b:252:20:261:Infinity:undefined:undefined:undefined:undefined":34,"s:252:20:261:Infinity":108,"s:253:49:257:Infinity":109,"b:258:24:258:Infinity:undefined:undefined:undefined:undefined":35,"s:258:24:258:Infinity":110,"s:258:43:258:Infinity":111,"s:259:24:259:Infinity":112,"s:260:24:260:Infinity":113,"s:264:46:264:Infinity":114,"s:265:39:265:Infinity":115,"s:266:39:266:Infinity":116,"s:267:30:267:Infinity":117,"s:268:30:268:Infinity":118,"b:269:20:269:Infinity:undefined:undefined:undefined:undefined":36,"s:269:20:269:Infinity":119,"s:269:42:269:Infinity":120,"b:270:20:270:Infinity:undefined:undefined:undefined:undefined":37,"s:270:20:270:Infinity":121,"s:270:42:270:Infinity":122,"s:272:20:276:Infinity":123,"s:280:12:280:Infinity":124,"s:284:8:383:Infinity":125,"s:285:24:285:Infinity":126,"s:286:12:286:Infinity":127,"s:287:12:287:Infinity":128,"s:289:22:289:Infinity":129,"b:289:49:289:63:289:63:289:Infinity":38,"s:290:27:290:Infinity":130,"s:291:27:291:Infinity":131,"s:292:12:292:Infinity":132,"b:296:12:319:Infinity:undefined:undefined:undefined:undefined":39,"s:296:12:319:Infinity":133,"b:296:16:296:52:296:52:296:80:296:80:296:98":40,"s:297:53:297:Infinity":134,"b:297:70:297:80:297:80:297:Infinity":41,"b:299:16:314:Infinity:undefined:undefined:undefined:undefined":42,"s:299:16:314:Infinity":135,"s:300:20:300:Infinity":136,"s:301:20:301:Infinity":137,"s:302:20:302:Infinity":138,"s:303:20:303:Infinity":139,"s:306:20:306:Infinity":140,"b:308:20:310:Infinity:undefined:undefined:undefined:undefined":43,"s:308:20:310:Infinity":141,"s:309:24:309:Infinity":142,"s:312:20:312:Infinity":143,"s:313:20:313:Infinity":144,"b:317:16:317:Infinity:undefined:undefined:undefined:undefined":44,"s:317:16:317:Infinity":145,"s:317:53:317:Infinity":146,"s:322:27:322:Infinity":147,"s:325:12:340:Infinity":148,"b:326:16:339:Infinity:undefined:undefined:undefined:undefined":45,"s:326:16:339:Infinity":149,"s:327:20:327:Infinity":150,"s:328:20:328:Infinity":151,"s:331:20:331:Infinity":152,"b:333:20:335:Infinity:undefined:undefined:undefined:undefined":46,"s:333:20:335:Infinity":153,"s:334:24:334:Infinity":154,"s:337:20:337:Infinity":155,"s:338:20:338:Infinity":156,"b:343:12:382:Infinity:undefined:undefined:undefined:undefined":47,"s:343:12:382:Infinity":157,"s:344:34:344:Infinity":158,"s:345:35:345:Infinity":159,"s:346:34:346:Infinity":160,"s:348:16:381:Infinity":161,"s:348:29:348:41":162,"s:349:20:379:Infinity":163,"s:349:37:349:40":164,"s:350:35:350:Infinity":165,"s:351:35:351:Infinity":166,"s:352:35:352:Infinity":167,"s:353:35:353:Infinity":168,"s:355:61:355:Infinity":169,"b:355:78:355:88:355:88:355:Infinity":48,"s:356:46:356:Infinity":170,"s:357:46:357:Infinity":171,"b:359:24:359:Infinity:undefined:undefined:undefined:undefined":49,"s:359:24:359:Infinity":172,"s:359:119:359:Infinity":173,"b:361:24:378:Infinity:undefined:undefined:undefined:undefined":50,"s:361:24:378:Infinity":174,"s:362:28:362:Infinity":175,"s:363:28:363:Infinity":176,"s:364:28:364:Infinity":177,"s:365:28:365:Infinity":178,"s:367:28:372:Infinity":179,"s:375:28:375:Infinity":180,"s:376:28:376:Infinity":181,"s:377:28:377:Infinity":182,"b:380:20:380:Infinity:undefined:undefined:undefined:undefined":51,"s:380:20:380:Infinity":183,"s:380:34:380:Infinity":184,"s:385:8:385:Infinity":185,"s:386:8:386:Infinity":186,"f:389:11:389:48":11,"s:390:8:390:Infinity":187,"f:394:11:394:120":12,"s:395:8:395:Infinity":188,"f:398:12:398:30":13,"s:399:8:399:Infinity":189,"b:399:16:399:31:399:31:399:47:399:47:399:62:399:62:399:Infinity":52,"f:402:12:402:24":14,"b:406:8:406:Infinity:undefined:undefined:undefined:undefined":53,"s:406:8:406:Infinity":190,"s:406:35:406:Infinity":191,"b:409:8:413:Infinity:undefined:undefined:undefined:undefined":54,"s:409:8:413:Infinity":192,"b:410:12:410:Infinity:undefined:undefined:undefined:undefined":55,"s:410:12:410:Infinity":193,"s:410:35:410:Infinity":194,"b:411:12:411:Infinity:undefined:undefined:undefined:undefined":56,"s:411:12:411:Infinity":195,"s:411:35:411:Infinity":196,"s:412:12:412:Infinity":197,"s:417:27:417:Infinity":198,"s:418:21:418:Infinity":199,"b:418:32:418:42:418:42:418:45":57,"s:419:31:419:Infinity":200,"b:419:48:419:52:419:52:419:Infinity":58,"s:422:32:422:Infinity":201,"b:422:46:422:57:422:57:422:62":59,"s:423:8:423:Infinity":202,"f:426:12:426:Infinity":15,"s:437:23:437:Infinity":203,"s:438:23:438:Infinity":204,"s:439:29:439:Infinity":205,"s:441:17:441:Infinity":206,"s:442:17:442:Infinity":207,"b:445:8:445:Infinity:undefined:undefined:undefined:undefined":60,"s:445:8:445:Infinity":208,"s:445:22:445:Infinity":209,"b:446:8:446:Infinity:undefined:undefined:undefined:undefined":61,"s:446:8:446:Infinity":210,"s:446:22:446:Infinity":211,"b:449:8:451:Infinity:undefined:undefined:undefined:undefined":62,"s:449:8:451:Infinity":212,"s:450:12:450:Infinity":213,"s:453:45:453:Infinity":214,"b:453:62:453:72:453:72:453:Infinity":63,"b:454:8:459:Infinity:undefined:undefined:undefined:undefined":64,"s:454:8:459:Infinity":215,"s:455:12:455:Infinity":216,"s:456:12:456:Infinity":217,"s:457:12:457:Infinity":218,"s:458:12:458:Infinity":219,"s:460:8:460:Infinity":220,"f:463:12:463:36":16,"s:464:21:464:Infinity":221,"s:465:27:465:Infinity":222,"b:467:8:473:Infinity:undefined:undefined:undefined:undefined":65,"s:467:8:473:Infinity":223,"b:468:12:471:Infinity:undefined:undefined:undefined:undefined":66,"s:468:12:471:Infinity":224,"s:469:37:469:Infinity":225,"f:469:52:469:57":17,"s:469:57:469:66":226,"s:470:16:470:Infinity":227,"s:472:12:472:Infinity":228,"s:475:20:475:Infinity":229,"b:476:8:476:Infinity:undefined:undefined:undefined:undefined":67,"s:476:8:476:Infinity":230,"s:476:43:476:Infinity":231,"s:477:8:477:Infinity":232,"s:478:8:478:Infinity":233,"s:479:8:479:Infinity":234,"f:482:12:482:Infinity":18,"b:489:8:489:Infinity:undefined:undefined:undefined:undefined":68,"s:489:8:489:Infinity":235,"s:489:39:489:Infinity":236,"s:491:86:500:Infinity":237,"s:502:22:502:Infinity":238,"s:503:22:503:Infinity":239,"s:506:25:506:Infinity":240,"b:506:52:506:56:506:56:506:Infinity":69,"s:507:29:507:Infinity":241,"s:509:8:546:Infinity":242,"s:510:21:510:Infinity":243,"s:511:21:511:Infinity":244,"b:513:12:513:Infinity:undefined:undefined:undefined:undefined":70,"s:513:12:513:Infinity":245,"s:513:33:513:Infinity":246,"b:514:12:514:Infinity:undefined:undefined:undefined:undefined":71,"s:514:12:514:Infinity":247,"s:514:33:514:Infinity":248,"b:516:12:516:Infinity:undefined:undefined:undefined:undefined":72,"s:516:12:516:Infinity":249,"s:516:70:516:Infinity":250,"s:518:36:523:Infinity":251,"s:525:31:525:Infinity":252,"s:528:30:528:Infinity":253,"f:528:46:528:55":19,"s:528:55:528:85":254,"b:530:12:545:Infinity:undefined:undefined:undefined:undefined":73,"s:530:12:545:Infinity":255,"s:531:16:531:Infinity":256,"s:532:16:536:Infinity":257,"s:539:30:539:Infinity":258,"b:540:16:542:Infinity:undefined:undefined:undefined:undefined":74,"s:540:16:542:Infinity":259,"s:541:20:541:Infinity":260,"s:544:16:544:Infinity":261,"s:547:8:547:Infinity":262}}}
,"C:\\Users\\aurel\\Projects\\phileasgo\\internal\\ui\\web\\src\\metrics\\text.ts": {"path":"C:\\Users\\aurel\\Projects\\phileasgo\\internal\\ui\\web\\src\\metrics\\text.ts","statementMap":{"0":{"start":{"line":1,"column":18},"end":{"line":1,"column":null}},"1":{"start":{"line":8,"column":21},"end":{"line":8,"column":null}},"2":{"start":{"line":9,"column":4},"end":{"line":11,"column":null}},"3":{"start":{"line":10,"column":8},"end":{"line":10,"column":null}},"4":{"start":{"line":13,"column":18},"end":{"line":13,"column":null}},"5":{"start":{"line":14,"column":4},"end":{"line":14,"column":null}},"6":{"start":{"line":15,"column":4},"end":{"line":15,"column":null}},"7":{"start":{"line":16,"column":4},"end":{"line":16,"column":null}},"8":{"start":{"line":17,"column":4},"end":{"line":17,"column":null}},"9":{"start":{"line":18,"column":4},"end":{"line":18,"column":null}},"10":{"start":{"line":20,"column":18},"end":{"line":20,"column":null}},"11":{"start":{"line":21,"column":17},"end":{"line":21,"column":null}},"12":{"start":{"line":22,"column":22},"end":{"line":22,"column":null}},"13":{"start":{"line":23,"column":26},"end":{"line":23,"column":null}},"14":{"start":{"line":25,"column":4},"end":{"line":25,"column":null}},"15":{"start":{"line":26,"column":19},"end":{"line":26,"column":null}},"16":{"start":{"line":27,"column":4},"end":{"line":27,"column":null}},"17":{"start":{"line":28,"column":4},"end":{"line":28,"column":null}},"18":{"start":{"line":31,"column":39},"end":{"line":31,"column":null}},"19":{"start":{"line":32,"column":47},"end":{"line":32,"column":null}},"20":{"start":{"line":35,"column":4},"end":{"line":38,"column":null}},"21":{"start":{"line":36,"column":8},"end":{"line":36,"column":null}},"22":{"start":{"line":37,"column":8},"end":{"line":37,"column":null}},"23":{"start":{"line":39,"column":4},"end":{"line":39,"column":null}},"24":{"start":{"line":42,"column":25},"end":{"line":42,"column":null}},"25":{"start":{"line":49,"column":16},"end":{"line":49,"column":null}},"26":{"start":{"line":50,"column":4},"end":{"line":52,"column":null}},"27":{"start":{"line":51,"column":8},"end":{"line":51,"column":null}},"28":{"start":{"line":54,"column":16},"end":{"line":54,"column":null}},"29":{"start":{"line":55,"column":4},"end":{"line":57,"column":null}},"30":{"start":{"line":56,"column":8},"end":{"line":56,"column":null}},"31":{"start":{"line":59,"column":4},"end":{"line":59,"column":null}},"32":{"start":{"line":60,"column":20},"end":{"line":60,"column":null}},"33":{"start":{"line":64,"column":20},"end":{"line":64,"column":null}},"34":{"start":{"line":66,"column":18},"end":{"line":66,"column":null}},"35":{"start":{"line":68,"column":19},"end":{"line":68,"column":null}},"36":{"start":{"line":69,"column":4},"end":{"line":69,"column":null}},"37":{"start":{"line":70,"column":4},"end":{"line":70,"column":null}},"38":{"start":{"line":74,"column":4},"end":{"line":74,"column":null}},"39":{"start":{"line":78,"column":4},"end":{"line":78,"column":null}},"40":{"start":{"line":79,"column":4},"end":{"line":79,"column":null}},"41":{"start":{"line":80,"column":4},"end":{"line":80,"column":null}}},"fnMap":{"0":{"name":"getFontFromClass","decl":{"start":{"line":7,"column":16},"end":{"line":7,"column":33}},"loc":{"start":{"line":7,"column":113},"end":{"line":29,"column":null}},"line":7},"1":{"name":"ensureContext","decl":{"start":{"line":34,"column":9},"end":{"line":34,"column":25}},"loc":{"start":{"line":34,"column":25},"end":{"line":40,"column":null}},"line":34},"2":{"name":"measureText","decl":{"start":{"line":48,"column":16},"end":{"line":48,"column":28}},"loc":{"start":{"line":48,"column":118},"end":{"line":71,"column":null}},"line":48},"3":{"name":"clearMeasurementCache","decl":{"start":{"line":73,"column":16},"end":{"line":73,"column":40}},"loc":{"start":{"line":73,"column":40},"end":{"line":75,"column":null}},"line":73},"4":{"name":"__resetForTests","decl":{"start":{"line":77,"column":16},"end":{"line":77,"column":34}},"loc":{"start":{"line":77,"column":34},"end":{"line":81,"column":null}},"line":77}},"branchMap":{"0":{"loc":{"start":{"line":9,"column":4},"end":{"line":11,"column":null}},"type":"if","locations":[{"start":{"line":9,"column":4},"end":{"line":11,"column":null}},{"start":{},"end":{}}],"line":9},"1":{"loc":{"start":{"line":23,"column":26},"end":{"line":23,"column":null}},"type":"binary-expr","locations":[{"start":{"line":23,"column":26},"end":{"line":23,"column":61}},{"start":{"line":23,"column":61},"end":{"line":23,"column":null}}],"line":23},"2":{"loc":{"start":{"line":35,"column":4},"end":{"line":38,"column":null}},"type":"if","locations":[{"start":{"line":35,"column":4},"end":{"line":38,"column":null}},{"start":{},"end":{}}],"line":35},"3":{"loc":{"start":{"line":48,"column":56},"end":{"line":48,"column":118}},"type":"default-arg","locations":[{"start":{"line":48,"column":80},"end":{"line":48,"column":118}}],"line":48},"4":{"loc":{"start":{"line":50,"column":4},"end":{"line":52,"column":null}},"type":"if","locations":[{"start":{"line":50,"column":4},"end":{"line":52,"column":null}},{"start":{},"end":{}}],"line":50},"5":{"loc":{"start":{"line":55,"column":4},"end":{"line":57,"column":null}},"type":"if","locations":[{"start":{"line":55,"column":4},"end":{"line":57,"column":null}},{"start":{},"end":{}}],"line":55},"6":{"loc":{"start":{"line":64,"column":20},"end":{"line":64,"column":null}},"type":"binary-expr","locations":[{"start":{"line":64,"column":20},"end":{"line":64,"column":91}},{"start":{"line":64,"column":91},"end":{"line":64,"column":null}}],"line":64}},"s":{"0":1,"1":2,"2":2,"3":0,"4":2,"5":2,"6":2,"7":2,"8":2,"9":2,"10":2,"11":2,"12":2,"13":2,"14":2,"15":2,"16":2,"17":2,"18":1,"19":1,"20":3,"21":3,"22":3,"23":3,"24":1,"25":4,"26":4,"27":1,"28":3,"29":3,"30":1,"31":2,"32":2,"33":2,"34":4,"35":4,"36":4,"37":4,"38":0,"39":5,"40":5,"41":5},"f":{"0":2,"1":3,"2":4,"3":0,"4":5},"b":{"0":[0,2],"1":[2,1],"2":[3,0],"3":[4],"4":[1,3],"5":[1,2],"6":[2,0]},"meta":{"lastBranch":7,"lastFunction":5,"lastStatement":42,"seen":{"s:1:18:1:Infinity":0,"f:7:16:7:33":0,"s:8:21:8:Infinity":1,"b:9:4:11:Infinity:undefined:undefined:undefined:undefined":0,"s:9:4:11:Infinity":2,"s:10:8:10:Infinity":3,"s:13:18:13:Infinity":4,"s:14:4:14:Infinity":5,"s:15:4:15:Infinity":6,"s:16:4:16:Infinity":7,"s:17:4:17:Infinity":8,"s:18:4:18:Infinity":9,"s:20:18:20:Infinity":10,"s:21:17:21:Infinity":11,"s:22:22:22:Infinity":12,"s:23:26:23:Infinity":13,"b:23:26:23:61:23:61:23:Infinity":1,"s:25:4:25:Infinity":14,"s:26:19:26:Infinity":15,"s:27:4:27:Infinity":16,"s:28:4:28:Infinity":17,"s:31:39:31:Infinity":18,"s:32:47:32:Infinity":19,"f:34:9:34:25":1,"b:35:4:38:Infinity:undefined:undefined:undefined:undefined":2,"s:35:4:38:Infinity":20,"s:36:8:36:Infinity":21,"s:37:8:37:Infinity":22,"s:39:4:39:Infinity":23,"s:42:25:42:Infinity":24,"f:48:16:48:28":2,"b:48:80:48:118":3,"s:49:16:49:Infinity":25,"b:50:4:52:Infinity:undefined:undefined:undefined:undefined":4,"s:50:4:52:Infinity":26,"s:51:8:51:Infinity":27,"s:54:16:54:Infinity":28,"b:55:4:57:Infinity:undefined:undefined:undefined:undefined":5,"s:55:4:57:Infinity":29,"s:56:8:56:Infinity":30,"s:59:4:59:Infinity":31,"s:60:20:60:Infinity":32,"s:64:20:64:Infinity":33,"b:64:20:64:91:64:91:64:Infinity":6,"s:66:18:66:Infinity":34,"s:68:19:68:Infinity":35,"s:69:4:69:Infinity":36,"s:70:4:70:Infinity":37,"f:73:16:73:40":3,"s:74:4:74:Infinity":38,"f:77:16:77:34":4,"s:78:4:78:Infinity":39,"s:79:4:79:Infinity":40,"s:80:4:80:Infinity":41}}}
,"C:\\Users\\aurel\\Projects\\phileasgo\\internal\\ui\\web\\src\\utils\\poiUtils.ts": {"path":"C:\\Users\\aurel\\Projects\\phileasgo\\internal\\ui\\web\\src\\utils\\poiUtils.ts","statementMap":{"0":{"start":{"line":3,"column":28},"end":{"line":15,"column":null}},"1":{"start":{"line":5,"column":4},"end":{"line":7,"column":null}},"2":{"start":{"line":6,"column":8},"end":{"line":6,"column":null}},"3":{"start":{"line":10,"column":4},"end":{"line":12,"column":null}},"4":{"start":{"line":11,"column":8},"end":{"line":11,"column":null}},"5":{"start":{"line":14,"column":4},"end":{"line":14,"column":null}},"6":{"start":{"line":17,"column":33},"end":{"line":21,"column":null}},"7":{"start":{"line":18,"column":4},"end":{"line":18,"column":null}},"8":{"start":{"line":18,"column":23},"end":{"line":18,"column":null}},"9":{"start":{"line":19,"column":4},"end":{"line":19,"column":null}},"10":{"start":{"line":19,"column":21},"end":{"line":19,"column":null}},"11":{"start":{"line":20,"column":4},"end":{"line":20,"column":null}}},"fnMap":{"0":{"name":"(anonymous_0)","decl":{"start":{"line":3,"column":28},"end":{"line":3,"column":29}},"loc":{"start":{"line":3,"column":69},"end":{"line":15,"column":null}},"line":3},"1":{"name":"(anonymous_1)","decl":{"start":{"line":17,"column":33},"end":{"line":17,"column":34}},"loc":{"start":{"line":17,"column":113},"end":{"line":21,"column":null}},"line":17}},"branchMap":{"0":{"loc":{"start":{"line":5,"column":4},"end":{"line":7,"column":null}},"type":"if","locations":[{"start":{"line":5,"column":4},"end":{"line":7,"column":null}},{"start":{},"end":{}}],"line":5},"1":{"loc":{"start":{"line":10,"column":4},"end":{"line":12,"column":null}},"type":"if","locations":[{"start":{"line":10,"column":4},"end":{"line":12,"column":null}},{"start":{},"end":{}}],"line":10},"2":{"loc":{"start":{"line":10,"column":8},"end":{"line":10,"column":71}},"type":"binary-expr","locations":[{"start":{"line":10,"column":8},"end":{"line":10,"column":27}},{"start":{"line":10,"column":27},"end":{"line":10,"column":71}}],"line":10},"3":{"loc":{"start":{"line":18,"column":4},"end":{"line":18,"column":null}},"type":"if","locations":[{"start":{"line":18,"column":4},"end":{"line":18,"column":null}},{"start":{},"end":{}}],"line":18},"4":{"loc":{"start":{"line":19,"column":4},"end":{"line":19,"column":null}},"type":"if","locations":[{"start":{"line":19,"column":4},"end":{"line":19,"column":null}},{"start":{},"end":{}}],"line":19},"5":{"loc":{"start":{"line":20,"column":11},"end":{"line":20,"column":null}},"type":"binary-expr","locations":[{"start":{"line":20,"column":11},"end":{"line":20,"column":29}},{"start":{"line":20,"column":29},"end":{"line":20,"column":null}}],"line":20}},"s":{"0":1,"1":4,"2":1,"3":3,"4":1,"5":2,"6":1,"7":4,"8":1,"9":3,"10":1,"11":2},"f":{"0":4,"1":4},"b":{"0":[1,3],"1":[1,2],"2":[3,3],"3":[1,3],"4":[1,2],"5":[2,1]},"meta":{"lastBranch":6,"lastFunction":2,"lastStatement":12,"seen":{"s:3:28:15:Infinity":0,"f:3:28:3:29":0,"b:5:4:7:Infinity:undefined:undefined:undefined:undefined":0,"s:5:4:7:Infinity":1,"s:6:8:6:Infinity":2,"b:10:4:12:Infinity:undefined:undefined:undefined:undefined":1,"s:10:4:12:Infinity":3,"b:10:8:10:27:10:27:10:71":2,"s:11:8:11:Infinity":4,"s:14:4:14:Infinity":5,"s:17:33:21:Infinity":6,"f:17:33:17:34":1,"b:18:4:18:Infinity:undefined:undefined:undefined:undefined":3,"s:18:4:18:Infinity":7,"s:18:23:18:Infinity":8,"b:19:4:19:Infinity:undefined:undefined:undefined:undefined":4,"s:19:4:19:Infinity":9,"s:19:21:19:Infinity":10,"s:20:4:20:Infinity":11,"b:20:11:20:29:20:29:20:Infinity":5}}}
,"C:\\Users\\aurel\\Projects\\phileasgo\\internal\\ui\\web\\src\\utils\\replay.ts": {"path":"C:\\Users\\aurel\\Projects\\phileasgo\\internal\\ui\\web\\src\\utils\\replay.ts","statementMap":{"0":{"start":{"line":5,"column":32},"end":{"line":13,"column":null}},"1":{"start":{"line":6,"column":10},"end":{"line":6,"column":null}},"2":{"start":{"line":7,"column":17},"end":{"line":7,"column":null}},"3":{"start":{"line":8,"column":17},"end":{"line":8,"column":null}},"4":{"start":{"line":9,"column":14},"end":{"line":9,"column":null}},"5":{"start":{"line":10,"column":14},"end":{"line":10,"column":null}},"6":{"start":{"line":11,"column":20},"end":{"line":11,"column":null}},"7":{"start":{"line":12,"column":4},"end":{"line":12,"column":null}},"8":{"start":{"line":24,"column":35},"end":{"line":66,"column":null}},"9":{"start":{"line":28,"column":4},"end":{"line":30,"column":null}},"10":{"start":{"line":29,"column":8},"end":{"line":29,"column":null}},"11":{"start":{"line":33,"column":20},"end":{"line":33,"column":null}},"12":{"start":{"line":34,"column":35},"end":{"line":34,"column":null}},"13":{"start":{"line":35,"column":4},"end":{"line":42,"column":null}},"14":{"start":{"line":35,"column":17},"end":{"line":35,"column":20}},"15":{"start":{"line":36,"column":18},"end":{"line":39,"column":null}},"16":{"start":{"line":40,"column":8},"end":{"line":40,"column":null}},"17":{"start":{"line":41,"column":8},"end":{"line":41,"column":null}},"18":{"start":{"line":44,"column":23},"end":{"line":44,"column":null}},"19":{"start":{"line":45,"column":22},"end":{"line":45,"column":null}},"20":{"start":{"line":47,"column":4},"end":{"line":57,"column":null}},"21":{"start":{"line":47,"column":17},"end":{"line":47,"column":20}},"22":{"start":{"line":48,"column":8},"end":{"line":55,"column":null}},"23":{"start":{"line":49,"column":30},"end":{"line":49,"column":null}},"24":{"start":{"line":50,"column":26},"end":{"line":50,"column":null}},"25":{"start":{"line":51,"column":24},"end":{"line":51,"column":null}},"26":{"start":{"line":52,"column":24},"end":{"line":52,"column":null}},"27":{"start":{"line":53,"column":28},"end":{"line":53,"column":null}},"28":{"start":{"line":54,"column":12},"end":{"line":54,"column":null}},"29":{"start":{"line":56,"column":8},"end":{"line":56,"column":null}},"30":{"start":{"line":60,"column":20},"end":{"line":60,"column":null}},"31":{"start":{"line":61,"column":4},"end":{"line":65,"column":null}},"32":{"start":{"line":72,"column":45},"end":{"line":108,"column":null}},"33":{"start":{"line":76,"column":4},"end":{"line":78,"column":null}},"34":{"start":{"line":77,"column":8},"end":{"line":77,"column":null}},"35":{"start":{"line":79,"column":4},"end":{"line":81,"column":null}},"36":{"start":{"line":80,"column":8},"end":{"line":80,"column":null}},"37":{"start":{"line":83,"column":22},"end":{"line":83,"column":null}},"38":{"start":{"line":84,"column":21},"end":{"line":84,"column":null}},"39":{"start":{"line":85,"column":22},"end":{"line":85,"column":null}},"40":{"start":{"line":86,"column":23},"end":{"line":86,"column":null}},"41":{"start":{"line":88,"column":4},"end":{"line":99,"column":null}},"42":{"start":{"line":88,"column":17},"end":{"line":88,"column":20}},"43":{"start":{"line":89,"column":19},"end":{"line":89,"column":null}},"44":{"start":{"line":90,"column":19},"end":{"line":90,"column":null}},"45":{"start":{"line":92,"column":8},"end":{"line":98,"column":null}},"46":{"start":{"line":93,"column":27},"end":{"line":93,"column":null}},"47":{"start":{"line":94,"column":24},"end":{"line":94,"column":null}},"48":{"start":{"line":95,"column":24},"end":{"line":95,"column":null}},"49":{"start":{"line":96,"column":28},"end":{"line":96,"column":null}},"50":{"start":{"line":97,"column":12},"end":{"line":97,"column":null}},"51":{"start":{"line":101,"column":20},"end":{"line":101,"column":null}},"52":{"start":{"line":102,"column":4},"end":{"line":107,"column":null}},"53":{"start":{"line":110,"column":33},"end":{"line":110,"column":null}},"54":{"start":{"line":110,"column":60},"end":{"line":110,"column":null}},"55":{"start":{"line":112,"column":37},"end":{"line":135,"column":null}},"56":{"start":{"line":114,"column":17},"end":{"line":114,"column":null}},"57":{"start":{"line":115,"column":24},"end":{"line":115,"column":null}},"58":{"start":{"line":116,"column":22},"end":{"line":116,"column":null}},"59":{"start":{"line":117,"column":4},"end":{"line":117,"column":null}},"60":{"start":{"line":117,"column":20},"end":{"line":117,"column":null}},"61":{"start":{"line":119,"column":16},"end":{"line":119,"column":null}},"62":{"start":{"line":120,"column":16},"end":{"line":120,"column":null}},"63":{"start":{"line":121,"column":22},"end":{"line":121,"column":null}},"64":{"start":{"line":124,"column":4},"end":{"line":128,"column":null}},"65":{"start":{"line":125,"column":21},"end":{"line":125,"column":null}},"66":{"start":{"line":126,"column":21},"end":{"line":126,"column":null}},"67":{"start":{"line":127,"column":8},"end":{"line":127,"column":null}},"68":{"start":{"line":127,"column":50},"end":{"line":127,"column":null}},"69":{"start":{"line":129,"column":4},"end":{"line":133,"column":null}},"70":{"start":{"line":130,"column":21},"end":{"line":130,"column":null}},"71":{"start":{"line":131,"column":21},"end":{"line":131,"column":null}},"72":{"start":{"line":132,"column":8},"end":{"line":132,"column":null}},"73":{"start":{"line":132,"column":50},"end":{"line":132,"column":null}},"74":{"start":{"line":134,"column":4},"end":{"line":134,"column":null}},"75":{"start":{"line":141,"column":40},"end":{"line":151,"column":null}},"76":{"start":{"line":142,"column":4},"end":{"line":142,"column":null}},"77":{"start":{"line":142,"column":27},"end":{"line":142,"column":null}},"78":{"start":{"line":144,"column":23},"end":{"line":144,"column":null}},"79":{"start":{"line":144,"column":45},"end":{"line":144,"column":117}},"80":{"start":{"line":145,"column":22},"end":{"line":145,"column":null}},"81":{"start":{"line":145,"column":62},"end":{"line":145,"column":132}},"82":{"start":{"line":147,"column":21},"end":{"line":147,"column":null}},"83":{"start":{"line":148,"column":19},"end":{"line":148,"column":null}},"84":{"start":{"line":150,"column":4},"end":{"line":150,"column":null}}},"fnMap":{"0":{"name":"(anonymous_0)","decl":{"start":{"line":5,"column":32},"end":{"line":5,"column":33}},"loc":{"start":{"line":5,"column":90},"end":{"line":13,"column":null}},"line":5},"1":{"name":"(anonymous_1)","decl":{"start":{"line":24,"column":35},"end":{"line":24,"column":null}},"loc":{"start":{"line":27,"column":76},"end":{"line":66,"column":null}},"line":27},"2":{"name":"(anonymous_2)","decl":{"start":{"line":72,"column":45},"end":{"line":72,"column":null}},"loc":{"start":{"line":75,"column":97},"end":{"line":108,"column":null}},"line":75},"3":{"name":"(anonymous_3)","decl":{"start":{"line":110,"column":33},"end":{"line":110,"column":34}},"loc":{"start":{"line":110,"column":60},"end":{"line":110,"column":null}},"line":110},"4":{"name":"(anonymous_4)","decl":{"start":{"line":112,"column":37},"end":{"line":112,"column":38}},"loc":{"start":{"line":112,"column":140},"end":{"line":135,"column":null}},"line":112},"5":{"name":"(anonymous_5)","decl":{"start":{"line":141,"column":40},"end":{"line":141,"column":41}},"loc":{"start":{"line":141,"column":78},"end":{"line":151,"column":null}},"line":141},"6":{"name":"(anonymous_6)","decl":{"start":{"line":144,"column":40},"end":{"line":144,"column":45}},"loc":{"start":{"line":144,"column":45},"end":{"line":144,"column":117}},"line":144},"7":{"name":"(anonymous_7)","decl":{"start":{"line":145,"column":57},"end":{"line":145,"column":62}},"loc":{"start":{"line":145,"column":62},"end":{"line":145,"column":132}},"line":145}},"branchMap":{"0":{"loc":{"start":{"line":28,"column":4},"end":{"line":30,"column":null}},"type":"if","locations":[{"start":{"line":28,"column":4},"end":{"line":30,"column":null}},{"start":{},"end":{}}],"line":28},"1":{"loc":{"start":{"line":29,"column":27},"end":{"line":29,"column":48}},"type":"binary-expr","locations":[{"start":{"line":29,"column":27},"end":{"line":29,"column":40}},{"start":{"line":29,"column":40},"end":{"line":29,"column":48}}],"line":29},"2":{"loc":{"start":{"line":48,"column":8},"end":{"line":55,"column":null}},"type":"if","locations":[{"start":{"line":48,"column":8},"end":{"line":55,"column":null}},{"start":{},"end":{}}],"line":48},"3":{"loc":{"start":{"line":76,"column":4},"end":{"line":78,"column":null}},"type":"if","locations":[{"start":{"line":76,"column":4},"end":{"line":78,"column":null}},{"start":{},"end":{}}],"line":76},"4":{"loc":{"start":{"line":79,"column":4},"end":{"line":81,"column":null}},"type":"if","locations":[{"start":{"line":79,"column":4},"end":{"line":81,"column":null}},{"start":{},"end":{}}],"line":79},"5":{"loc":{"start":{"line":92,"column":8},"end":{"line":98,"column":null}},"type":"if","locations":[{"start":{"line":92,"column":8},"end":{"line":98,"column":null}},{"start":{},"end":{}}],"line":92},"6":{"loc":{"start":{"line":93,"column":27},"end":{"line":93,"column":null}},"type":"cond-expr","locations":[{"start":{"line":93,"column":40},"end":{"line":93,"column":45}},{"start":{"line":93,"column":40},"end":{"line":93,"column":null}}],"line":93},"7":{"loc":{"start":{"line":110,"column":60},"end":{"line":110,"column":null}},"type":"binary-expr","locations":[{"start":{"line":110,"column":60},"end":{"line":110,"column":85}},{"start":{"line":110,"column":85},"end":{"line":110,"column":null}}],"line":110},"8":{"loc":{"start":{"line":114,"column":17},"end":{"line":114,"column":null}},"type":"binary-expr","locations":[{"start":{"line":114,"column":17},"end":{"line":114,"column":54}},{"start":{"line":114,"column":54},"end":{"line":114,"column":null}}],"line":114},"9":{"loc":{"start":{"line":115,"column":24},"end":{"line":115,"column":null}},"type":"binary-expr","locations":[{"start":{"line":115,"column":24},"end":{"line":115,"column":69}},{"start":{"line":115,"column":69},"end":{"line":115,"column":null}}],"line":115},"10":{"loc":{"start":{"line":116,"column":22},"end":{"line":116,"column":null}},"type":"binary-expr","locations":[{"start":{"line":116,"column":22},"end":{"line":116,"column":45}},{"start":{"line":116,"column":45},"end":{"line":116,"column":null}}],"line":116},"11":{"loc":{"start":{"line":117,"column":4},"end":{"line":117,"column":null}},"type":"if","locations":[{"start":{"line":117,"column":4},"end":{"line":117,"column":null}},{"start":{},"end":{}}],"line":117},"12":{"loc":{"start":{"line":119,"column":16},"end":{"line":119,"column":null}},"type":"cond-expr","locations":[{"start":{"line":119,"column":40},"end":{"line":119,"column":75}},{"start":{"line":119,"column":75},"end":{"line":119,"column":null}}],"line":119},"13":{"loc":{"start":{"line":120,"column":16},"end":{"line":120,"column":null}},"type":"cond-expr","locations":[{"start":{"line":120,"column":40},"end":{"line":120,"column":75}},{"start":{"line":120,"column":75},"end":{"line":120,"column":null}}],"line":120},"14":{"loc":{"start":{"line":124,"column":4},"end":{"line":128,"column":null}},"type":"if","locations":[{"start":{"line":124,"column":4},"end":{"line":128,"column":null}},{"start":{},"end":{}}],"line":124},"15":{"loc":{"start":{"line":127,"column":8},"end":{"line":127,"column":null}},"type":"if","locations":[{"start":{"line":127,"column":8},"end":{"line":127,"column":null}},{"start":{},"end":{}}],"line":127},"16":{"loc":{"start":{"line":127,"column":12},"end":{"line":127,"column":50}},"type":"binary-expr","locations":[{"start":{"line":127,"column":12},"end":{"line":127,"column":32}},{"start":{"line":127,"column":32},"end":{"line":127,"column":50}}],"line":127},"17":{"loc":{"start":{"line":129,"column":4},"end":{"line":133,"column":null}},"type":"if","locations":[{"start":{"line":129,"column":4},"end":{"line":133,"column":null}},{"start":{},"end":{}}],"line":129},"18":{"loc":{"start":{"line":132,"column":8},"end":{"line":132,"column":null}},"type":"if","locations":[{"start":{"line":132,"column":8},"end":{"line":132,"column":null}},{"start":{},"end":{}}],"line":132},"19":{"loc":{"start":{"line":132,"column":12},"end":{"line":132,"column":50}},"type":"binary-expr","locations":[{"start":{"line":132,"column":12},"end":{"line":132,"column":32}},{"start":{"line":132,"column":32},"end":{"line":132,"column":50}}],"line":132},"20":{"loc":{"start":{"line":142,"column":4},"end":{"line":142,"column":null}},"type":"if","locations":[{"start":{"line":142,"column":4},"end":{"line":142,"column":null}},{"start":{},"end":{}}],"line":142},"21":{"loc":{"start":{"line":144,"column":45},"end":{"line":144,"column":117}},"type":"binary-expr","locations":[{"start":{"line":144,"column":45},"end":{"line":144,"column":74}},{"start":{"line":144,"column":74},"end":{"line":144,"column":117}}],"line":144},"22":{"loc":{"start":{"line":145,"column":62},"end":{"line":145,"column":132}},"type":"binary-expr","locations":[{"start":{"line":145,"column":62},"end":{"line":145,"column":91}},{"start":{"line":145,"column":91},"end":{"line":145,"column":132}}],"line":145},"23":{"loc":{"start":{"line":147,"column":21},"end":{"line":147,"column":null}},"type":"cond-expr","locations":[{"start":{"line":147,"column":41},"end":{"line":147,"column":54}},{"start":{"line":147,"column":54},"end":{"line":147,"column":null}}],"line":147},"24":{"loc":{"start":{"line":148,"column":19},"end":{"line":148,"column":null}},"type":"cond-expr","locations":[{"start":{"line":148,"column":39},"end":{"line":148,"column":73}},{"start":{"line":148,"column":73},"end":{"line":148,"column":null}}],"line":148}},"s":{"0":1,"1":8,"2":8,"3":8,"4":8,"5":8,"6":8,"7":8,"8":1,"9":4,"10":1,"11":3,"12":3,"13":3,"14":3,"15":6,"16":6,"17":6,"18":3,"19":3,"20":3,"21":3,"22":4,"23":3,"24":3,"25":3,"26":3,"27":3,"28":3,"29":1,"30":0,"31":0,"32":1,"33":0,"34":0,"35":0,"36":0,"37":0,"38":0,"39":0,"40":0,"41":0,"42":0,"43":0,"44":0,"45":0,"46":0,"47":0,"48":0,"49":0,"50":0,"51":0,"52":0,"53":1,"54":4,"55":1,"56":4,"57":4,"58":4,"59":4,"60":1,"61":3,"62":4,"63":4,"64":4,"65":2,"66":2,"67":2,"68":1,"69":2,"70":2,"71":2,"72":2,"73":1,"74":1,"75":1,"76":0,"77":0,"78":0,"79":0,"80":0,"81":0,"82":0,"83":0,"84":0},"f":{"0":8,"1":4,"2":0,"3":4,"4":4,"5":0,"6":0,"7":0},"b":{"0":[1,3],"1":[1,0],"2":[3,1],"3":[0,0],"4":[0,0],"5":[0,0],"6":[0,0],"7":[4,3],"8":[4,0],"9":[4,1],"10":[4,1],"11":[1,3],"12":[0,3],"13":[0,3],"14":[2,2],"15":[1,1],"16":[2,1],"17":[2,0],"18":[1,1],"19":[2,1],"20":[0,0],"21":[0,0],"22":[0,0],"23":[0,0],"24":[0,0]},"meta":{"lastBranch":25,"lastFunction":8,"lastStatement":85,"seen":{"s:5:32:13:Infinity":0,"f:5:32:5:33":0,"s:6:10:6:Infinity":1,"s:7:17:7:Infinity":2,"s:8:17:8:Infinity":3,"s:9:14:9:Infinity":4,"s:10:14:10:Infinity":5,"s:11:20:11:Infinity":6,"s:12:4:12:Infinity":7,"s:24:35:66:Infinity":8,"f:24:35:24:Infinity":1,"b:28:4:30:Infinity:undefined:undefined:undefined:undefined":0,"s:28:4:30:Infinity":9,"s:29:8:29:Infinity":10,"b:29:27:29:40:29:40:29:48":1,"s:33:20:33:Infinity":11,"s:34:35:34:Infinity":12,"s:35:4:42:Infinity":13,"s:35:17:35:20":14,"s:36:18:39:Infinity":15,"s:40:8:40:Infinity":16,"s:41:8:41:Infinity":17,"s:44:23:44:Infinity":18,"s:45:22:45:Infinity":19,"s:47:4:57:Infinity":20,"s:47:17:47:20":21,"b:48:8:55:Infinity:undefined:undefined:undefined:undefined":2,"s:48:8:55:Infinity":22,"s:49:30:49:Infinity":23,"s:50:26:50:Infinity":24,"s:51:24:51:Infinity":25,"s:52:24:52:Infinity":26,"s:53:28:53:Infinity":27,"s:54:12:54:Infinity":28,"s:56:8:56:Infinity":29,"s:60:20:60:Infinity":30,"s:61:4:65:Infinity":31,"s:72:45:108:Infinity":32,"f:72:45:72:Infinity":2,"b:76:4:78:Infinity:undefined:undefined:undefined:undefined":3,"s:76:4:78:Infinity":33,"s:77:8:77:Infinity":34,"b:79:4:81:Infinity:undefined:undefined:undefined:undefined":4,"s:79:4:81:Infinity":35,"s:80:8:80:Infinity":36,"s:83:22:83:Infinity":37,"s:84:21:84:Infinity":38,"s:85:22:85:Infinity":39,"s:86:23:86:Infinity":40,"s:88:4:99:Infinity":41,"s:88:17:88:20":42,"s:89:19:89:Infinity":43,"s:90:19:90:Infinity":44,"b:92:8:98:Infinity:undefined:undefined:undefined:undefined":5,"s:92:8:98:Infinity":45,"s:93:27:93:Infinity":46,"b:93:40:93:45:93:40:93:Infinity":6,"s:94:24:94:Infinity":47,"s:95:24:95:Infinity":48,"s:96:28:96:Infinity":49,"s:97:12:97:Infinity":50,"s:101:20:101:Infinity":51,"s:102:4:107:Infinity":52,"s:110:33:110:Infinity":53,"f:110:33:110:34":3,"s:110:60:110:Infinity":54,"b:110:60:110:85:110:85:110:Infinity":7,"s:112:37:135:Infinity":55,"f:112:37:112:38":4,"s:114:17:114:Infinity":56,"b:114:17:114:54:114:54:114:Infinity":8,"s:115:24:115:Infinity":57,"b:115:24:115:69:115:69:115:Infinity":9,"s:116:22:116:Infinity":58,"b:116:22:116:45:116:45:116:Infinity":10,"b:117:4:117:Infinity:undefined:undefined:undefined:undefined":11,"s:117:4:117:Infinity":59,"s:117:20:117:Infinity":60,"s:119:16:119:Infinity":61,"b:119:40:119:75:119:75:119:Infinity":12,"s:120:16:120:Infinity":62,"b:120:40:120:75:120:75:120:Infinity":13,"s:121:22:121:Infinity":63,"b:124:4:128:Infinity:undefined:undefined:undefined:undefined":14,"s:124:4:128:Infinity":64,"s:125:21:125:Infinity":65,"s:126:21:126:Infinity":66,"b:127:8:127:Infinity:undefined:undefined:undefined:undefined":15,"s:127:8:127:Infinity":67,"b:127:12:127:32:127:32:127:50":16,"s:127:50:127:Infinity":68,"b:129:4:133:Infinity:undefined:undefined:undefined:undefined":17,"s:129:4:133:Infinity":69,"s:130:21:130:Infinity":70,"s:131:21:131:Infinity":71,"b:132:8:132:Infinity:undefined:undefined:undefined:undefined":18,"s:132:8:132:Infinity":72,"b:132:12:132:32:132:32:132:50":19,"s:132:50:132:Infinity":73,"s:134:4:134:Infinity":74,"s:141:40:151:Infinity":75,"f:141:40:141:41":5,"b:142:4:142:Infinity:undefined:undefined:undefined:undefined":20,"s:142:4:142:Infinity":76,"s:142:27:142:Infinity":77,"s:144:23:144:Infinity":78,"f:144:40:144:45":6,"s:144:45:144:117":79,"b:144:45:144:74:144:74:144:117":21,"s:145:22:145:Infinity":80,"f:145:57:145:62":7,"s:145:62:145:132":81,"b:145:62:145:91:145:91:145:132":22,"s:147:21:147:Infinity":82,"b:147:41:147:54:147:54:147:Infinity":23,"s:148:19:148:Infinity":83,"b:148:39:148:73:148:73:148:Infinity":24,"s:150:4:150:Infinity":84}}}
}
